[2025-12-21T09:47:19.423+0000] {taskinstance.py:1979} INFO - Dependencies all met for dep_context=non-requeueable deps ti=<TaskInstance: house_prices_pipeline.data_quality_check scheduled__2025-12-20T00:00:00+00:00 [queued]>
[2025-12-21T09:47:19.430+0000] {taskinstance.py:1979} INFO - Dependencies all met for dep_context=requeueable deps ti=<TaskInstance: house_prices_pipeline.data_quality_check scheduled__2025-12-20T00:00:00+00:00 [queued]>
[2025-12-21T09:47:19.430+0000] {taskinstance.py:2193} INFO - Starting attempt 1 of 2
[2025-12-21T09:47:19.441+0000] {taskinstance.py:2217} INFO - Executing <Task(PythonOperator): data_quality_check> on 2025-12-20 00:00:00+00:00
[2025-12-21T09:47:19.450+0000] {standard_task_runner.py:60} INFO - Started process 15019 to run task
[2025-12-21T09:47:19.452+0000] {standard_task_runner.py:87} INFO - Running: ['***', 'tasks', 'run', 'house_prices_pipeline', 'data_quality_check', 'scheduled__2025-12-20T00:00:00+00:00', '--job-id', '28', '--raw', '--subdir', 'DAGS_FOLDER/house_prices_pipeline.py', '--cfg-path', '/tmp/tmpit4u65qg']
[2025-12-21T09:47:19.454+0000] {standard_task_runner.py:88} INFO - Job 28: Subtask data_quality_check
[2025-12-21T09:47:19.500+0000] {task_command.py:423} INFO - Running <TaskInstance: house_prices_pipeline.data_quality_check scheduled__2025-12-20T00:00:00+00:00 [running]> on host 322b5dae5a4a
[2025-12-21T09:47:19.577+0000] {taskinstance.py:2513} INFO - Exporting env vars: AIRFLOW_CTX_DAG_OWNER='***' AIRFLOW_CTX_DAG_ID='house_prices_pipeline' AIRFLOW_CTX_TASK_ID='data_quality_check' AIRFLOW_CTX_EXECUTION_DATE='2025-12-20T00:00:00+00:00' AIRFLOW_CTX_TRY_NUMBER='1' AIRFLOW_CTX_DAG_RUN_ID='scheduled__2025-12-20T00:00:00+00:00'
[2025-12-21T09:47:19.643+0000] {base.py:83} INFO - Using connection ID 'hp_postgres' for task execution.
[2025-12-21T09:47:19.649+0000] {sql.py:542} INFO - Running statement: 
        INSERT INTO monitoring.data_quality_runs (run_id, dataset, missing_rate, row_count)
        VALUES (%s, 'train', %s, %s)
        ON CONFLICT (run_id, dataset) DO UPDATE SET
          missing_rate=EXCLUDED.missing_rate, row_count=EXCLUDED.row_count
        , parameters: ('20251221_094714', 0.058895653644512096, 1460)
[2025-12-21T09:47:19.651+0000] {sql.py:551} INFO - Rows affected: 1
[2025-12-21T09:47:19.664+0000] {sql.py:542} INFO - Running statement: 
        INSERT INTO monitoring.data_quality_runs (run_id, dataset, missing_rate, row_count)
        VALUES (%s, 'test', %s, %s)
        ON CONFLICT (run_id, dataset) DO UPDATE SET
          missing_rate=EXCLUDED.missing_rate, row_count=EXCLUDED.row_count
        , parameters: ('20251221_094714', 0.059972583961617545, 1459)
[2025-12-21T09:47:19.666+0000] {sql.py:551} INFO - Rows affected: 1
[2025-12-21T09:47:19.667+0000] {python.py:202} INFO - Done. Returned value was: None
[2025-12-21T09:47:19.677+0000] {taskinstance.py:1149} INFO - Marking task as SUCCESS. dag_id=house_prices_pipeline, task_id=data_quality_check, execution_date=20251220T000000, start_date=20251221T094719, end_date=20251221T094719
[2025-12-21T09:47:19.707+0000] {local_task_job_runner.py:234} INFO - Task exited with return code 0
[2025-12-21T09:47:19.734+0000] {taskinstance.py:3312} INFO - 1 downstream tasks scheduled from follow-on schedule check
