[2025-12-22T02:19:01.214+0000] {processor.py:161} INFO - Started process (PID=15153) to work on /opt/airflow/dags/house_prices_pipeline.py
[2025-12-22T02:19:01.220+0000] {processor.py:830} INFO - Processing file /opt/airflow/dags/house_prices_pipeline.py for tasks to queue
[2025-12-22T02:19:01.228+0000] {logging_mixin.py:188} INFO - [2025-12-22T02:19:01.227+0000] {dagbag.py:540} INFO - Filling up the DagBag from /opt/airflow/dags/house_prices_pipeline.py
[2025-12-22T09:47:42.360+0000] {processor.py:161} INFO - Started process (PID=15247) to work on /opt/airflow/dags/house_prices_pipeline.py
[2025-12-22T09:47:42.361+0000] {processor.py:830} INFO - Processing file /opt/airflow/dags/house_prices_pipeline.py for tasks to queue
[2025-12-22T09:47:42.363+0000] {logging_mixin.py:188} INFO - [2025-12-22T09:47:42.362+0000] {dagbag.py:540} INFO - Filling up the DagBag from /opt/airflow/dags/house_prices_pipeline.py
[2025-12-22T09:47:43.114+0000] {processor.py:840} INFO - DAG(s) 'house_prices_pipeline' retrieved from /opt/airflow/dags/house_prices_pipeline.py
[2025-12-22T09:47:43.259+0000] {logging_mixin.py:188} INFO - [2025-12-22T09:47:43.258+0000] {dag.py:3047} INFO - Sync 1 DAGs
[2025-12-22T09:47:43.279+0000] {logging_mixin.py:188} INFO - [2025-12-22T09:47:43.279+0000] {dag.py:3834} INFO - Setting next_dagrun for house_prices_pipeline to 2025-12-22 00:00:00+00:00, run_after=2025-12-23 00:00:00+00:00
[2025-12-22T09:47:43.296+0000] {processor.py:183} INFO - Processing /opt/airflow/dags/house_prices_pipeline.py took 0.939 seconds
[2025-12-22T09:48:13.480+0000] {processor.py:161} INFO - Started process (PID=15268) to work on /opt/airflow/dags/house_prices_pipeline.py
[2025-12-22T09:48:13.481+0000] {processor.py:830} INFO - Processing file /opt/airflow/dags/house_prices_pipeline.py for tasks to queue
[2025-12-22T09:48:13.482+0000] {logging_mixin.py:188} INFO - [2025-12-22T09:48:13.482+0000] {dagbag.py:540} INFO - Filling up the DagBag from /opt/airflow/dags/house_prices_pipeline.py
[2025-12-22T09:48:14.179+0000] {processor.py:840} INFO - DAG(s) 'house_prices_pipeline' retrieved from /opt/airflow/dags/house_prices_pipeline.py
[2025-12-22T09:48:14.203+0000] {logging_mixin.py:188} INFO - [2025-12-22T09:48:14.202+0000] {dag.py:3047} INFO - Sync 1 DAGs
[2025-12-22T09:48:14.222+0000] {logging_mixin.py:188} INFO - [2025-12-22T09:48:14.222+0000] {dag.py:3834} INFO - Setting next_dagrun for house_prices_pipeline to 2025-12-22 00:00:00+00:00, run_after=2025-12-23 00:00:00+00:00
[2025-12-22T09:48:14.242+0000] {processor.py:183} INFO - Processing /opt/airflow/dags/house_prices_pipeline.py took 0.764 seconds
[2025-12-22T11:46:53.300+0000] {processor.py:161} INFO - Started process (PID=15289) to work on /opt/airflow/dags/house_prices_pipeline.py
[2025-12-22T11:46:53.304+0000] {processor.py:830} INFO - Processing file /opt/airflow/dags/house_prices_pipeline.py for tasks to queue
[2025-12-22T11:46:53.306+0000] {logging_mixin.py:188} INFO - [2025-12-22T11:46:53.306+0000] {dagbag.py:540} INFO - Filling up the DagBag from /opt/airflow/dags/house_prices_pipeline.py
[2025-12-22T12:47:46.563+0000] {processor.py:161} INFO - Started process (PID=15299) to work on /opt/airflow/dags/house_prices_pipeline.py
[2025-12-22T12:47:46.564+0000] {processor.py:830} INFO - Processing file /opt/airflow/dags/house_prices_pipeline.py for tasks to queue
[2025-12-22T12:47:46.565+0000] {logging_mixin.py:188} INFO - [2025-12-22T12:47:46.564+0000] {dagbag.py:540} INFO - Filling up the DagBag from /opt/airflow/dags/house_prices_pipeline.py
[2025-12-22T12:47:47.397+0000] {processor.py:840} INFO - DAG(s) 'house_prices_pipeline' retrieved from /opt/airflow/dags/house_prices_pipeline.py
[2025-12-22T12:47:47.423+0000] {logging_mixin.py:188} INFO - [2025-12-22T12:47:47.423+0000] {dag.py:3047} INFO - Sync 1 DAGs
[2025-12-22T12:47:47.445+0000] {logging_mixin.py:188} INFO - [2025-12-22T12:47:47.444+0000] {dag.py:3834} INFO - Setting next_dagrun for house_prices_pipeline to 2025-12-22 00:00:00+00:00, run_after=2025-12-23 00:00:00+00:00
[2025-12-22T12:47:47.469+0000] {processor.py:183} INFO - Processing /opt/airflow/dags/house_prices_pipeline.py took 0.909 seconds
[2025-12-22T12:48:17.672+0000] {processor.py:161} INFO - Started process (PID=15320) to work on /opt/airflow/dags/house_prices_pipeline.py
[2025-12-22T12:48:17.673+0000] {processor.py:830} INFO - Processing file /opt/airflow/dags/house_prices_pipeline.py for tasks to queue
[2025-12-22T12:48:17.673+0000] {logging_mixin.py:188} INFO - [2025-12-22T12:48:17.673+0000] {dagbag.py:540} INFO - Filling up the DagBag from /opt/airflow/dags/house_prices_pipeline.py
[2025-12-22T12:48:18.352+0000] {processor.py:840} INFO - DAG(s) 'house_prices_pipeline' retrieved from /opt/airflow/dags/house_prices_pipeline.py
[2025-12-22T12:48:18.375+0000] {logging_mixin.py:188} INFO - [2025-12-22T12:48:18.374+0000] {dag.py:3047} INFO - Sync 1 DAGs
[2025-12-22T12:48:18.395+0000] {logging_mixin.py:188} INFO - [2025-12-22T12:48:18.395+0000] {dag.py:3834} INFO - Setting next_dagrun for house_prices_pipeline to 2025-12-22 00:00:00+00:00, run_after=2025-12-23 00:00:00+00:00
[2025-12-22T12:48:18.411+0000] {processor.py:183} INFO - Processing /opt/airflow/dags/house_prices_pipeline.py took 0.742 seconds
[2025-12-22T13:11:31.913+0000] {processor.py:161} INFO - Started process (PID=15341) to work on /opt/airflow/dags/house_prices_pipeline.py
[2025-12-22T13:11:31.914+0000] {processor.py:830} INFO - Processing file /opt/airflow/dags/house_prices_pipeline.py for tasks to queue
[2025-12-22T13:11:31.916+0000] {logging_mixin.py:188} INFO - [2025-12-22T13:11:31.915+0000] {dagbag.py:540} INFO - Filling up the DagBag from /opt/airflow/dags/house_prices_pipeline.py
[2025-12-22T13:11:32.771+0000] {processor.py:840} INFO - DAG(s) 'house_prices_pipeline' retrieved from /opt/airflow/dags/house_prices_pipeline.py
[2025-12-22T13:11:32.793+0000] {logging_mixin.py:188} INFO - [2025-12-22T13:11:32.792+0000] {dag.py:3047} INFO - Sync 1 DAGs
[2025-12-22T13:11:32.812+0000] {logging_mixin.py:188} INFO - [2025-12-22T13:11:32.811+0000] {dag.py:3834} INFO - Setting next_dagrun for house_prices_pipeline to 2025-12-22 00:00:00+00:00, run_after=2025-12-23 00:00:00+00:00
[2025-12-22T13:11:32.828+0000] {processor.py:183} INFO - Processing /opt/airflow/dags/house_prices_pipeline.py took 0.919 seconds
[2025-12-22T13:12:03.192+0000] {processor.py:161} INFO - Started process (PID=15364) to work on /opt/airflow/dags/house_prices_pipeline.py
[2025-12-22T13:12:03.193+0000] {processor.py:830} INFO - Processing file /opt/airflow/dags/house_prices_pipeline.py for tasks to queue
[2025-12-22T13:12:03.194+0000] {logging_mixin.py:188} INFO - [2025-12-22T13:12:03.194+0000] {dagbag.py:540} INFO - Filling up the DagBag from /opt/airflow/dags/house_prices_pipeline.py
[2025-12-22T13:12:04.156+0000] {processor.py:840} INFO - DAG(s) 'house_prices_pipeline' retrieved from /opt/airflow/dags/house_prices_pipeline.py
[2025-12-22T13:12:04.184+0000] {logging_mixin.py:188} INFO - [2025-12-22T13:12:04.184+0000] {dag.py:3047} INFO - Sync 1 DAGs
[2025-12-22T13:12:04.212+0000] {logging_mixin.py:188} INFO - [2025-12-22T13:12:04.212+0000] {dag.py:3834} INFO - Setting next_dagrun for house_prices_pipeline to 2025-12-22 00:00:00+00:00, run_after=2025-12-23 00:00:00+00:00
[2025-12-22T13:12:04.244+0000] {processor.py:183} INFO - Processing /opt/airflow/dags/house_prices_pipeline.py took 1.054 seconds
[2025-12-22T13:12:34.504+0000] {processor.py:161} INFO - Started process (PID=15385) to work on /opt/airflow/dags/house_prices_pipeline.py
[2025-12-22T13:12:34.505+0000] {processor.py:830} INFO - Processing file /opt/airflow/dags/house_prices_pipeline.py for tasks to queue
[2025-12-22T13:12:34.506+0000] {logging_mixin.py:188} INFO - [2025-12-22T13:12:34.506+0000] {dagbag.py:540} INFO - Filling up the DagBag from /opt/airflow/dags/house_prices_pipeline.py
[2025-12-22T13:12:35.449+0000] {processor.py:840} INFO - DAG(s) 'house_prices_pipeline' retrieved from /opt/airflow/dags/house_prices_pipeline.py
[2025-12-22T13:12:35.475+0000] {logging_mixin.py:188} INFO - [2025-12-22T13:12:35.474+0000] {dag.py:3047} INFO - Sync 1 DAGs
[2025-12-22T13:12:35.500+0000] {logging_mixin.py:188} INFO - [2025-12-22T13:12:35.499+0000] {dag.py:3834} INFO - Setting next_dagrun for house_prices_pipeline to 2025-12-22 00:00:00+00:00, run_after=2025-12-23 00:00:00+00:00
[2025-12-22T13:12:35.520+0000] {processor.py:183} INFO - Processing /opt/airflow/dags/house_prices_pipeline.py took 0.936 seconds
[2025-12-22T13:13:05.696+0000] {processor.py:161} INFO - Started process (PID=15406) to work on /opt/airflow/dags/house_prices_pipeline.py
[2025-12-22T13:13:05.697+0000] {processor.py:830} INFO - Processing file /opt/airflow/dags/house_prices_pipeline.py for tasks to queue
[2025-12-22T13:13:05.698+0000] {logging_mixin.py:188} INFO - [2025-12-22T13:13:05.697+0000] {dagbag.py:540} INFO - Filling up the DagBag from /opt/airflow/dags/house_prices_pipeline.py
[2025-12-22T13:13:06.454+0000] {processor.py:840} INFO - DAG(s) 'house_prices_pipeline' retrieved from /opt/airflow/dags/house_prices_pipeline.py
[2025-12-22T13:13:06.482+0000] {logging_mixin.py:188} INFO - [2025-12-22T13:13:06.482+0000] {dag.py:3047} INFO - Sync 1 DAGs
[2025-12-22T13:13:06.507+0000] {logging_mixin.py:188} INFO - [2025-12-22T13:13:06.507+0000] {dag.py:3834} INFO - Setting next_dagrun for house_prices_pipeline to 2025-12-22 00:00:00+00:00, run_after=2025-12-23 00:00:00+00:00
[2025-12-22T13:13:06.530+0000] {processor.py:183} INFO - Processing /opt/airflow/dags/house_prices_pipeline.py took 0.837 seconds
[2025-12-22T13:13:36.687+0000] {processor.py:161} INFO - Started process (PID=15427) to work on /opt/airflow/dags/house_prices_pipeline.py
[2025-12-22T13:13:36.688+0000] {processor.py:830} INFO - Processing file /opt/airflow/dags/house_prices_pipeline.py for tasks to queue
[2025-12-22T13:13:36.688+0000] {logging_mixin.py:188} INFO - [2025-12-22T13:13:36.688+0000] {dagbag.py:540} INFO - Filling up the DagBag from /opt/airflow/dags/house_prices_pipeline.py
[2025-12-22T13:13:37.461+0000] {processor.py:840} INFO - DAG(s) 'house_prices_pipeline' retrieved from /opt/airflow/dags/house_prices_pipeline.py
[2025-12-22T13:13:37.487+0000] {logging_mixin.py:188} INFO - [2025-12-22T13:13:37.487+0000] {dag.py:3047} INFO - Sync 1 DAGs
[2025-12-22T13:13:37.509+0000] {logging_mixin.py:188} INFO - [2025-12-22T13:13:37.509+0000] {dag.py:3834} INFO - Setting next_dagrun for house_prices_pipeline to 2025-12-22 00:00:00+00:00, run_after=2025-12-23 00:00:00+00:00
[2025-12-22T13:13:37.529+0000] {processor.py:183} INFO - Processing /opt/airflow/dags/house_prices_pipeline.py took 0.845 seconds
[2025-12-22T13:14:07.726+0000] {processor.py:161} INFO - Started process (PID=15448) to work on /opt/airflow/dags/house_prices_pipeline.py
[2025-12-22T13:14:07.728+0000] {processor.py:830} INFO - Processing file /opt/airflow/dags/house_prices_pipeline.py for tasks to queue
[2025-12-22T13:14:07.729+0000] {logging_mixin.py:188} INFO - [2025-12-22T13:14:07.728+0000] {dagbag.py:540} INFO - Filling up the DagBag from /opt/airflow/dags/house_prices_pipeline.py
[2025-12-22T13:14:08.494+0000] {processor.py:840} INFO - DAG(s) 'house_prices_pipeline' retrieved from /opt/airflow/dags/house_prices_pipeline.py
[2025-12-22T13:14:08.517+0000] {logging_mixin.py:188} INFO - [2025-12-22T13:14:08.517+0000] {dag.py:3047} INFO - Sync 1 DAGs
[2025-12-22T13:14:08.537+0000] {logging_mixin.py:188} INFO - [2025-12-22T13:14:08.537+0000] {dag.py:3834} INFO - Setting next_dagrun for house_prices_pipeline to 2025-12-22 00:00:00+00:00, run_after=2025-12-23 00:00:00+00:00
[2025-12-22T13:14:08.601+0000] {processor.py:183} INFO - Processing /opt/airflow/dags/house_prices_pipeline.py took 0.878 seconds
[2025-12-22T13:14:38.783+0000] {processor.py:161} INFO - Started process (PID=15469) to work on /opt/airflow/dags/house_prices_pipeline.py
[2025-12-22T13:14:38.784+0000] {processor.py:830} INFO - Processing file /opt/airflow/dags/house_prices_pipeline.py for tasks to queue
[2025-12-22T13:14:38.786+0000] {logging_mixin.py:188} INFO - [2025-12-22T13:14:38.785+0000] {dagbag.py:540} INFO - Filling up the DagBag from /opt/airflow/dags/house_prices_pipeline.py
[2025-12-22T13:14:39.494+0000] {processor.py:840} INFO - DAG(s) 'house_prices_pipeline' retrieved from /opt/airflow/dags/house_prices_pipeline.py
[2025-12-22T13:14:39.517+0000] {logging_mixin.py:188} INFO - [2025-12-22T13:14:39.516+0000] {dag.py:3047} INFO - Sync 1 DAGs
[2025-12-22T13:14:39.537+0000] {logging_mixin.py:188} INFO - [2025-12-22T13:14:39.537+0000] {dag.py:3834} INFO - Setting next_dagrun for house_prices_pipeline to 2025-12-22 00:00:00+00:00, run_after=2025-12-23 00:00:00+00:00
[2025-12-22T13:14:39.580+0000] {processor.py:183} INFO - Processing /opt/airflow/dags/house_prices_pipeline.py took 0.799 seconds
[2025-12-22T13:15:09.761+0000] {processor.py:161} INFO - Started process (PID=15490) to work on /opt/airflow/dags/house_prices_pipeline.py
[2025-12-22T13:15:09.762+0000] {processor.py:830} INFO - Processing file /opt/airflow/dags/house_prices_pipeline.py for tasks to queue
[2025-12-22T13:15:09.763+0000] {logging_mixin.py:188} INFO - [2025-12-22T13:15:09.763+0000] {dagbag.py:540} INFO - Filling up the DagBag from /opt/airflow/dags/house_prices_pipeline.py
[2025-12-22T13:15:10.513+0000] {processor.py:840} INFO - DAG(s) 'house_prices_pipeline' retrieved from /opt/airflow/dags/house_prices_pipeline.py
[2025-12-22T13:15:10.536+0000] {logging_mixin.py:188} INFO - [2025-12-22T13:15:10.535+0000] {dag.py:3047} INFO - Sync 1 DAGs
[2025-12-22T13:15:10.555+0000] {logging_mixin.py:188} INFO - [2025-12-22T13:15:10.555+0000] {dag.py:3834} INFO - Setting next_dagrun for house_prices_pipeline to 2025-12-22 00:00:00+00:00, run_after=2025-12-23 00:00:00+00:00
[2025-12-22T13:15:10.626+0000] {processor.py:183} INFO - Processing /opt/airflow/dags/house_prices_pipeline.py took 0.868 seconds
[2025-12-22T13:15:40.812+0000] {processor.py:161} INFO - Started process (PID=15511) to work on /opt/airflow/dags/house_prices_pipeline.py
[2025-12-22T13:15:40.813+0000] {processor.py:830} INFO - Processing file /opt/airflow/dags/house_prices_pipeline.py for tasks to queue
[2025-12-22T13:15:40.814+0000] {logging_mixin.py:188} INFO - [2025-12-22T13:15:40.814+0000] {dagbag.py:540} INFO - Filling up the DagBag from /opt/airflow/dags/house_prices_pipeline.py
[2025-12-22T13:15:41.544+0000] {processor.py:840} INFO - DAG(s) 'house_prices_pipeline' retrieved from /opt/airflow/dags/house_prices_pipeline.py
[2025-12-22T13:15:41.567+0000] {logging_mixin.py:188} INFO - [2025-12-22T13:15:41.566+0000] {dag.py:3047} INFO - Sync 1 DAGs
[2025-12-22T13:15:41.587+0000] {logging_mixin.py:188} INFO - [2025-12-22T13:15:41.587+0000] {dag.py:3834} INFO - Setting next_dagrun for house_prices_pipeline to 2025-12-22 00:00:00+00:00, run_after=2025-12-23 00:00:00+00:00
[2025-12-22T13:15:41.686+0000] {processor.py:183} INFO - Processing /opt/airflow/dags/house_prices_pipeline.py took 0.877 seconds
[2025-12-22T13:16:11.859+0000] {processor.py:161} INFO - Started process (PID=15532) to work on /opt/airflow/dags/house_prices_pipeline.py
[2025-12-22T13:16:11.860+0000] {processor.py:830} INFO - Processing file /opt/airflow/dags/house_prices_pipeline.py for tasks to queue
[2025-12-22T13:16:11.861+0000] {logging_mixin.py:188} INFO - [2025-12-22T13:16:11.861+0000] {dagbag.py:540} INFO - Filling up the DagBag from /opt/airflow/dags/house_prices_pipeline.py
[2025-12-22T13:16:12.618+0000] {processor.py:840} INFO - DAG(s) 'house_prices_pipeline' retrieved from /opt/airflow/dags/house_prices_pipeline.py
[2025-12-22T13:16:12.645+0000] {logging_mixin.py:188} INFO - [2025-12-22T13:16:12.645+0000] {dag.py:3047} INFO - Sync 1 DAGs
[2025-12-22T13:16:12.667+0000] {logging_mixin.py:188} INFO - [2025-12-22T13:16:12.667+0000] {dag.py:3834} INFO - Setting next_dagrun for house_prices_pipeline to 2025-12-22 00:00:00+00:00, run_after=2025-12-23 00:00:00+00:00
[2025-12-22T13:16:12.698+0000] {processor.py:183} INFO - Processing /opt/airflow/dags/house_prices_pipeline.py took 0.841 seconds
[2025-12-22T13:16:42.874+0000] {processor.py:161} INFO - Started process (PID=15553) to work on /opt/airflow/dags/house_prices_pipeline.py
[2025-12-22T13:16:42.876+0000] {processor.py:830} INFO - Processing file /opt/airflow/dags/house_prices_pipeline.py for tasks to queue
[2025-12-22T13:16:42.877+0000] {logging_mixin.py:188} INFO - [2025-12-22T13:16:42.877+0000] {dagbag.py:540} INFO - Filling up the DagBag from /opt/airflow/dags/house_prices_pipeline.py
[2025-12-22T13:16:43.676+0000] {processor.py:840} INFO - DAG(s) 'house_prices_pipeline' retrieved from /opt/airflow/dags/house_prices_pipeline.py
[2025-12-22T13:16:43.700+0000] {logging_mixin.py:188} INFO - [2025-12-22T13:16:43.700+0000] {dag.py:3047} INFO - Sync 1 DAGs
[2025-12-22T13:16:43.722+0000] {logging_mixin.py:188} INFO - [2025-12-22T13:16:43.722+0000] {dag.py:3834} INFO - Setting next_dagrun for house_prices_pipeline to 2025-12-22 00:00:00+00:00, run_after=2025-12-23 00:00:00+00:00
[2025-12-22T13:16:43.740+0000] {processor.py:183} INFO - Processing /opt/airflow/dags/house_prices_pipeline.py took 0.869 seconds
[2025-12-22T13:17:13.786+0000] {processor.py:161} INFO - Started process (PID=15574) to work on /opt/airflow/dags/house_prices_pipeline.py
[2025-12-22T13:17:13.787+0000] {processor.py:830} INFO - Processing file /opt/airflow/dags/house_prices_pipeline.py for tasks to queue
[2025-12-22T13:17:13.787+0000] {logging_mixin.py:188} INFO - [2025-12-22T13:17:13.787+0000] {dagbag.py:540} INFO - Filling up the DagBag from /opt/airflow/dags/house_prices_pipeline.py
[2025-12-22T13:17:14.578+0000] {processor.py:840} INFO - DAG(s) 'house_prices_pipeline' retrieved from /opt/airflow/dags/house_prices_pipeline.py
[2025-12-22T13:17:14.603+0000] {logging_mixin.py:188} INFO - [2025-12-22T13:17:14.603+0000] {dag.py:3047} INFO - Sync 1 DAGs
[2025-12-22T13:17:14.627+0000] {logging_mixin.py:188} INFO - [2025-12-22T13:17:14.626+0000] {dag.py:3834} INFO - Setting next_dagrun for house_prices_pipeline to 2025-12-22 00:00:00+00:00, run_after=2025-12-23 00:00:00+00:00
[2025-12-22T13:17:14.645+0000] {processor.py:183} INFO - Processing /opt/airflow/dags/house_prices_pipeline.py took 0.862 seconds
[2025-12-22T13:17:44.838+0000] {processor.py:161} INFO - Started process (PID=15595) to work on /opt/airflow/dags/house_prices_pipeline.py
[2025-12-22T13:17:44.839+0000] {processor.py:830} INFO - Processing file /opt/airflow/dags/house_prices_pipeline.py for tasks to queue
[2025-12-22T13:17:44.839+0000] {logging_mixin.py:188} INFO - [2025-12-22T13:17:44.839+0000] {dagbag.py:540} INFO - Filling up the DagBag from /opt/airflow/dags/house_prices_pipeline.py
[2025-12-22T13:17:45.591+0000] {processor.py:840} INFO - DAG(s) 'house_prices_pipeline' retrieved from /opt/airflow/dags/house_prices_pipeline.py
[2025-12-22T13:17:45.617+0000] {logging_mixin.py:188} INFO - [2025-12-22T13:17:45.616+0000] {dag.py:3047} INFO - Sync 1 DAGs
[2025-12-22T13:17:45.638+0000] {logging_mixin.py:188} INFO - [2025-12-22T13:17:45.638+0000] {dag.py:3834} INFO - Setting next_dagrun for house_prices_pipeline to 2025-12-22 00:00:00+00:00, run_after=2025-12-23 00:00:00+00:00
[2025-12-22T13:17:45.728+0000] {processor.py:183} INFO - Processing /opt/airflow/dags/house_prices_pipeline.py took 0.893 seconds
[2025-12-22T13:18:15.916+0000] {processor.py:161} INFO - Started process (PID=15616) to work on /opt/airflow/dags/house_prices_pipeline.py
[2025-12-22T13:18:15.917+0000] {processor.py:830} INFO - Processing file /opt/airflow/dags/house_prices_pipeline.py for tasks to queue
[2025-12-22T13:18:15.918+0000] {logging_mixin.py:188} INFO - [2025-12-22T13:18:15.918+0000] {dagbag.py:540} INFO - Filling up the DagBag from /opt/airflow/dags/house_prices_pipeline.py
[2025-12-22T13:18:16.680+0000] {processor.py:840} INFO - DAG(s) 'house_prices_pipeline' retrieved from /opt/airflow/dags/house_prices_pipeline.py
[2025-12-22T13:18:16.703+0000] {logging_mixin.py:188} INFO - [2025-12-22T13:18:16.703+0000] {dag.py:3047} INFO - Sync 1 DAGs
[2025-12-22T13:18:16.724+0000] {logging_mixin.py:188} INFO - [2025-12-22T13:18:16.724+0000] {dag.py:3834} INFO - Setting next_dagrun for house_prices_pipeline to 2025-12-22 00:00:00+00:00, run_after=2025-12-23 00:00:00+00:00
[2025-12-22T13:18:16.770+0000] {processor.py:183} INFO - Processing /opt/airflow/dags/house_prices_pipeline.py took 0.857 seconds
[2025-12-22T13:18:46.952+0000] {processor.py:161} INFO - Started process (PID=15637) to work on /opt/airflow/dags/house_prices_pipeline.py
[2025-12-22T13:18:46.953+0000] {processor.py:830} INFO - Processing file /opt/airflow/dags/house_prices_pipeline.py for tasks to queue
[2025-12-22T13:18:46.954+0000] {logging_mixin.py:188} INFO - [2025-12-22T13:18:46.954+0000] {dagbag.py:540} INFO - Filling up the DagBag from /opt/airflow/dags/house_prices_pipeline.py
[2025-12-22T13:18:47.705+0000] {processor.py:840} INFO - DAG(s) 'house_prices_pipeline' retrieved from /opt/airflow/dags/house_prices_pipeline.py
[2025-12-22T13:18:47.728+0000] {logging_mixin.py:188} INFO - [2025-12-22T13:18:47.728+0000] {dag.py:3047} INFO - Sync 1 DAGs
[2025-12-22T13:18:47.751+0000] {logging_mixin.py:188} INFO - [2025-12-22T13:18:47.750+0000] {dag.py:3834} INFO - Setting next_dagrun for house_prices_pipeline to 2025-12-22 00:00:00+00:00, run_after=2025-12-23 00:00:00+00:00
[2025-12-22T13:18:47.770+0000] {processor.py:183} INFO - Processing /opt/airflow/dags/house_prices_pipeline.py took 0.820 seconds
[2025-12-22T13:19:17.948+0000] {processor.py:161} INFO - Started process (PID=15658) to work on /opt/airflow/dags/house_prices_pipeline.py
[2025-12-22T13:19:17.949+0000] {processor.py:830} INFO - Processing file /opt/airflow/dags/house_prices_pipeline.py for tasks to queue
[2025-12-22T13:19:17.950+0000] {logging_mixin.py:188} INFO - [2025-12-22T13:19:17.950+0000] {dagbag.py:540} INFO - Filling up the DagBag from /opt/airflow/dags/house_prices_pipeline.py
[2025-12-22T13:19:18.766+0000] {processor.py:840} INFO - DAG(s) 'house_prices_pipeline' retrieved from /opt/airflow/dags/house_prices_pipeline.py
[2025-12-22T13:19:18.793+0000] {logging_mixin.py:188} INFO - [2025-12-22T13:19:18.793+0000] {dag.py:3047} INFO - Sync 1 DAGs
[2025-12-22T13:19:18.817+0000] {logging_mixin.py:188} INFO - [2025-12-22T13:19:18.817+0000] {dag.py:3834} INFO - Setting next_dagrun for house_prices_pipeline to 2025-12-22 00:00:00+00:00, run_after=2025-12-23 00:00:00+00:00
[2025-12-22T13:19:18.837+0000] {processor.py:183} INFO - Processing /opt/airflow/dags/house_prices_pipeline.py took 0.892 seconds
[2025-12-22T13:19:49.020+0000] {processor.py:161} INFO - Started process (PID=15679) to work on /opt/airflow/dags/house_prices_pipeline.py
[2025-12-22T13:19:49.021+0000] {processor.py:830} INFO - Processing file /opt/airflow/dags/house_prices_pipeline.py for tasks to queue
[2025-12-22T13:19:49.022+0000] {logging_mixin.py:188} INFO - [2025-12-22T13:19:49.021+0000] {dagbag.py:540} INFO - Filling up the DagBag from /opt/airflow/dags/house_prices_pipeline.py
[2025-12-22T13:19:49.782+0000] {processor.py:840} INFO - DAG(s) 'house_prices_pipeline' retrieved from /opt/airflow/dags/house_prices_pipeline.py
[2025-12-22T13:19:49.806+0000] {logging_mixin.py:188} INFO - [2025-12-22T13:19:49.805+0000] {dag.py:3047} INFO - Sync 1 DAGs
[2025-12-22T13:19:49.827+0000] {logging_mixin.py:188} INFO - [2025-12-22T13:19:49.827+0000] {dag.py:3834} INFO - Setting next_dagrun for house_prices_pipeline to 2025-12-22 00:00:00+00:00, run_after=2025-12-23 00:00:00+00:00
[2025-12-22T13:19:49.847+0000] {processor.py:183} INFO - Processing /opt/airflow/dags/house_prices_pipeline.py took 0.829 seconds
[2025-12-22T13:20:20.015+0000] {processor.py:161} INFO - Started process (PID=15700) to work on /opt/airflow/dags/house_prices_pipeline.py
[2025-12-22T13:20:20.016+0000] {processor.py:830} INFO - Processing file /opt/airflow/dags/house_prices_pipeline.py for tasks to queue
[2025-12-22T13:20:20.017+0000] {logging_mixin.py:188} INFO - [2025-12-22T13:20:20.017+0000] {dagbag.py:540} INFO - Filling up the DagBag from /opt/airflow/dags/house_prices_pipeline.py
[2025-12-22T13:20:20.735+0000] {processor.py:840} INFO - DAG(s) 'house_prices_pipeline' retrieved from /opt/airflow/dags/house_prices_pipeline.py
[2025-12-22T13:20:20.760+0000] {logging_mixin.py:188} INFO - [2025-12-22T13:20:20.759+0000] {dag.py:3047} INFO - Sync 1 DAGs
[2025-12-22T13:20:20.782+0000] {logging_mixin.py:188} INFO - [2025-12-22T13:20:20.782+0000] {dag.py:3834} INFO - Setting next_dagrun for house_prices_pipeline to 2025-12-22 00:00:00+00:00, run_after=2025-12-23 00:00:00+00:00
[2025-12-22T13:20:20.802+0000] {processor.py:183} INFO - Processing /opt/airflow/dags/house_prices_pipeline.py took 0.789 seconds
[2025-12-22T13:20:50.862+0000] {processor.py:161} INFO - Started process (PID=15721) to work on /opt/airflow/dags/house_prices_pipeline.py
[2025-12-22T13:20:50.863+0000] {processor.py:830} INFO - Processing file /opt/airflow/dags/house_prices_pipeline.py for tasks to queue
[2025-12-22T13:20:50.864+0000] {logging_mixin.py:188} INFO - [2025-12-22T13:20:50.864+0000] {dagbag.py:540} INFO - Filling up the DagBag from /opt/airflow/dags/house_prices_pipeline.py
[2025-12-22T13:20:51.597+0000] {processor.py:840} INFO - DAG(s) 'house_prices_pipeline' retrieved from /opt/airflow/dags/house_prices_pipeline.py
[2025-12-22T13:20:51.621+0000] {logging_mixin.py:188} INFO - [2025-12-22T13:20:51.621+0000] {dag.py:3047} INFO - Sync 1 DAGs
[2025-12-22T13:20:51.640+0000] {logging_mixin.py:188} INFO - [2025-12-22T13:20:51.640+0000] {dag.py:3834} INFO - Setting next_dagrun for house_prices_pipeline to 2025-12-22 00:00:00+00:00, run_after=2025-12-23 00:00:00+00:00
[2025-12-22T13:20:51.659+0000] {processor.py:183} INFO - Processing /opt/airflow/dags/house_prices_pipeline.py took 0.800 seconds
[2025-12-22T13:21:21.842+0000] {processor.py:161} INFO - Started process (PID=15742) to work on /opt/airflow/dags/house_prices_pipeline.py
[2025-12-22T13:21:21.844+0000] {processor.py:830} INFO - Processing file /opt/airflow/dags/house_prices_pipeline.py for tasks to queue
[2025-12-22T13:21:21.845+0000] {logging_mixin.py:188} INFO - [2025-12-22T13:21:21.844+0000] {dagbag.py:540} INFO - Filling up the DagBag from /opt/airflow/dags/house_prices_pipeline.py
[2025-12-22T13:21:23.038+0000] {processor.py:840} INFO - DAG(s) 'house_prices_pipeline' retrieved from /opt/airflow/dags/house_prices_pipeline.py
[2025-12-22T13:21:23.065+0000] {logging_mixin.py:188} INFO - [2025-12-22T13:21:23.064+0000] {dag.py:3047} INFO - Sync 1 DAGs
[2025-12-22T13:21:23.083+0000] {logging_mixin.py:188} INFO - [2025-12-22T13:21:23.083+0000] {dag.py:3834} INFO - Setting next_dagrun for house_prices_pipeline to 2025-12-22 00:00:00+00:00, run_after=2025-12-23 00:00:00+00:00
[2025-12-22T13:21:23.099+0000] {processor.py:183} INFO - Processing /opt/airflow/dags/house_prices_pipeline.py took 1.260 seconds
[2025-12-22T13:21:53.262+0000] {processor.py:161} INFO - Started process (PID=15763) to work on /opt/airflow/dags/house_prices_pipeline.py
[2025-12-22T13:21:53.263+0000] {processor.py:830} INFO - Processing file /opt/airflow/dags/house_prices_pipeline.py for tasks to queue
[2025-12-22T13:21:53.263+0000] {logging_mixin.py:188} INFO - [2025-12-22T13:21:53.263+0000] {dagbag.py:540} INFO - Filling up the DagBag from /opt/airflow/dags/house_prices_pipeline.py
[2025-12-22T13:21:53.948+0000] {processor.py:840} INFO - DAG(s) 'house_prices_pipeline' retrieved from /opt/airflow/dags/house_prices_pipeline.py
[2025-12-22T13:21:53.969+0000] {logging_mixin.py:188} INFO - [2025-12-22T13:21:53.969+0000] {dag.py:3047} INFO - Sync 1 DAGs
[2025-12-22T13:21:53.989+0000] {logging_mixin.py:188} INFO - [2025-12-22T13:21:53.988+0000] {dag.py:3834} INFO - Setting next_dagrun for house_prices_pipeline to 2025-12-22 00:00:00+00:00, run_after=2025-12-23 00:00:00+00:00
[2025-12-22T13:21:54.005+0000] {processor.py:183} INFO - Processing /opt/airflow/dags/house_prices_pipeline.py took 0.746 seconds
[2025-12-22T13:22:24.191+0000] {processor.py:161} INFO - Started process (PID=15784) to work on /opt/airflow/dags/house_prices_pipeline.py
[2025-12-22T13:22:24.192+0000] {processor.py:830} INFO - Processing file /opt/airflow/dags/house_prices_pipeline.py for tasks to queue
[2025-12-22T13:22:24.193+0000] {logging_mixin.py:188} INFO - [2025-12-22T13:22:24.192+0000] {dagbag.py:540} INFO - Filling up the DagBag from /opt/airflow/dags/house_prices_pipeline.py
[2025-12-22T13:22:24.871+0000] {processor.py:840} INFO - DAG(s) 'house_prices_pipeline' retrieved from /opt/airflow/dags/house_prices_pipeline.py
[2025-12-22T13:22:24.893+0000] {logging_mixin.py:188} INFO - [2025-12-22T13:22:24.892+0000] {dag.py:3047} INFO - Sync 1 DAGs
[2025-12-22T13:22:24.912+0000] {logging_mixin.py:188} INFO - [2025-12-22T13:22:24.912+0000] {dag.py:3834} INFO - Setting next_dagrun for house_prices_pipeline to 2025-12-22 00:00:00+00:00, run_after=2025-12-23 00:00:00+00:00
[2025-12-22T13:22:24.930+0000] {processor.py:183} INFO - Processing /opt/airflow/dags/house_prices_pipeline.py took 0.743 seconds
[2025-12-22T13:22:55.117+0000] {processor.py:161} INFO - Started process (PID=15805) to work on /opt/airflow/dags/house_prices_pipeline.py
[2025-12-22T13:22:55.118+0000] {processor.py:830} INFO - Processing file /opt/airflow/dags/house_prices_pipeline.py for tasks to queue
[2025-12-22T13:22:55.119+0000] {logging_mixin.py:188} INFO - [2025-12-22T13:22:55.119+0000] {dagbag.py:540} INFO - Filling up the DagBag from /opt/airflow/dags/house_prices_pipeline.py
[2025-12-22T13:22:55.825+0000] {processor.py:840} INFO - DAG(s) 'house_prices_pipeline' retrieved from /opt/airflow/dags/house_prices_pipeline.py
[2025-12-22T13:22:55.847+0000] {logging_mixin.py:188} INFO - [2025-12-22T13:22:55.846+0000] {dag.py:3047} INFO - Sync 1 DAGs
[2025-12-22T13:22:55.867+0000] {logging_mixin.py:188} INFO - [2025-12-22T13:22:55.867+0000] {dag.py:3834} INFO - Setting next_dagrun for house_prices_pipeline to 2025-12-22 00:00:00+00:00, run_after=2025-12-23 00:00:00+00:00
[2025-12-22T13:22:55.885+0000] {processor.py:183} INFO - Processing /opt/airflow/dags/house_prices_pipeline.py took 0.771 seconds
[2025-12-22T13:23:26.049+0000] {processor.py:161} INFO - Started process (PID=15826) to work on /opt/airflow/dags/house_prices_pipeline.py
[2025-12-22T13:23:26.050+0000] {processor.py:830} INFO - Processing file /opt/airflow/dags/house_prices_pipeline.py for tasks to queue
[2025-12-22T13:23:26.051+0000] {logging_mixin.py:188} INFO - [2025-12-22T13:23:26.051+0000] {dagbag.py:540} INFO - Filling up the DagBag from /opt/airflow/dags/house_prices_pipeline.py
[2025-12-22T13:23:26.760+0000] {processor.py:840} INFO - DAG(s) 'house_prices_pipeline' retrieved from /opt/airflow/dags/house_prices_pipeline.py
[2025-12-22T13:23:26.782+0000] {logging_mixin.py:188} INFO - [2025-12-22T13:23:26.782+0000] {dag.py:3047} INFO - Sync 1 DAGs
[2025-12-22T13:23:26.802+0000] {logging_mixin.py:188} INFO - [2025-12-22T13:23:26.802+0000] {dag.py:3834} INFO - Setting next_dagrun for house_prices_pipeline to 2025-12-22 00:00:00+00:00, run_after=2025-12-23 00:00:00+00:00
[2025-12-22T13:23:26.819+0000] {processor.py:183} INFO - Processing /opt/airflow/dags/house_prices_pipeline.py took 0.773 seconds
[2025-12-22T13:23:56.986+0000] {processor.py:161} INFO - Started process (PID=15847) to work on /opt/airflow/dags/house_prices_pipeline.py
[2025-12-22T13:23:56.987+0000] {processor.py:830} INFO - Processing file /opt/airflow/dags/house_prices_pipeline.py for tasks to queue
[2025-12-22T13:23:56.988+0000] {logging_mixin.py:188} INFO - [2025-12-22T13:23:56.988+0000] {dagbag.py:540} INFO - Filling up the DagBag from /opt/airflow/dags/house_prices_pipeline.py
[2025-12-22T13:23:57.729+0000] {processor.py:840} INFO - DAG(s) 'house_prices_pipeline' retrieved from /opt/airflow/dags/house_prices_pipeline.py
[2025-12-22T13:23:57.754+0000] {logging_mixin.py:188} INFO - [2025-12-22T13:23:57.754+0000] {dag.py:3047} INFO - Sync 1 DAGs
[2025-12-22T13:23:57.775+0000] {logging_mixin.py:188} INFO - [2025-12-22T13:23:57.775+0000] {dag.py:3834} INFO - Setting next_dagrun for house_prices_pipeline to 2025-12-22 00:00:00+00:00, run_after=2025-12-23 00:00:00+00:00
[2025-12-22T13:23:57.794+0000] {processor.py:183} INFO - Processing /opt/airflow/dags/house_prices_pipeline.py took 0.810 seconds
[2025-12-22T13:24:27.955+0000] {processor.py:161} INFO - Started process (PID=15868) to work on /opt/airflow/dags/house_prices_pipeline.py
[2025-12-22T13:24:27.956+0000] {processor.py:830} INFO - Processing file /opt/airflow/dags/house_prices_pipeline.py for tasks to queue
[2025-12-22T13:24:27.957+0000] {logging_mixin.py:188} INFO - [2025-12-22T13:24:27.957+0000] {dagbag.py:540} INFO - Filling up the DagBag from /opt/airflow/dags/house_prices_pipeline.py
[2025-12-22T13:24:28.694+0000] {processor.py:840} INFO - DAG(s) 'house_prices_pipeline' retrieved from /opt/airflow/dags/house_prices_pipeline.py
[2025-12-22T13:24:28.720+0000] {logging_mixin.py:188} INFO - [2025-12-22T13:24:28.720+0000] {dag.py:3047} INFO - Sync 1 DAGs
[2025-12-22T13:24:28.740+0000] {logging_mixin.py:188} INFO - [2025-12-22T13:24:28.740+0000] {dag.py:3834} INFO - Setting next_dagrun for house_prices_pipeline to 2025-12-22 00:00:00+00:00, run_after=2025-12-23 00:00:00+00:00
[2025-12-22T13:24:28.760+0000] {processor.py:183} INFO - Processing /opt/airflow/dags/house_prices_pipeline.py took 0.811 seconds
[2025-12-22T13:24:58.950+0000] {processor.py:161} INFO - Started process (PID=15889) to work on /opt/airflow/dags/house_prices_pipeline.py
[2025-12-22T13:24:58.951+0000] {processor.py:830} INFO - Processing file /opt/airflow/dags/house_prices_pipeline.py for tasks to queue
[2025-12-22T13:24:58.952+0000] {logging_mixin.py:188} INFO - [2025-12-22T13:24:58.952+0000] {dagbag.py:540} INFO - Filling up the DagBag from /opt/airflow/dags/house_prices_pipeline.py
[2025-12-22T13:24:59.683+0000] {processor.py:840} INFO - DAG(s) 'house_prices_pipeline' retrieved from /opt/airflow/dags/house_prices_pipeline.py
[2025-12-22T13:24:59.707+0000] {logging_mixin.py:188} INFO - [2025-12-22T13:24:59.707+0000] {dag.py:3047} INFO - Sync 1 DAGs
[2025-12-22T13:24:59.729+0000] {logging_mixin.py:188} INFO - [2025-12-22T13:24:59.729+0000] {dag.py:3834} INFO - Setting next_dagrun for house_prices_pipeline to 2025-12-22 00:00:00+00:00, run_after=2025-12-23 00:00:00+00:00
[2025-12-22T13:24:59.745+0000] {processor.py:183} INFO - Processing /opt/airflow/dags/house_prices_pipeline.py took 0.798 seconds
[2025-12-22T13:25:29.931+0000] {processor.py:161} INFO - Started process (PID=15910) to work on /opt/airflow/dags/house_prices_pipeline.py
[2025-12-22T13:25:29.932+0000] {processor.py:830} INFO - Processing file /opt/airflow/dags/house_prices_pipeline.py for tasks to queue
[2025-12-22T13:25:29.933+0000] {logging_mixin.py:188} INFO - [2025-12-22T13:25:29.932+0000] {dagbag.py:540} INFO - Filling up the DagBag from /opt/airflow/dags/house_prices_pipeline.py
[2025-12-22T13:25:30.680+0000] {processor.py:840} INFO - DAG(s) 'house_prices_pipeline' retrieved from /opt/airflow/dags/house_prices_pipeline.py
[2025-12-22T13:25:30.704+0000] {logging_mixin.py:188} INFO - [2025-12-22T13:25:30.703+0000] {dag.py:3047} INFO - Sync 1 DAGs
[2025-12-22T13:25:30.725+0000] {logging_mixin.py:188} INFO - [2025-12-22T13:25:30.725+0000] {dag.py:3834} INFO - Setting next_dagrun for house_prices_pipeline to 2025-12-22 00:00:00+00:00, run_after=2025-12-23 00:00:00+00:00
[2025-12-22T13:25:30.744+0000] {processor.py:183} INFO - Processing /opt/airflow/dags/house_prices_pipeline.py took 0.815 seconds
[2025-12-22T13:26:00.923+0000] {processor.py:161} INFO - Started process (PID=15931) to work on /opt/airflow/dags/house_prices_pipeline.py
[2025-12-22T13:26:00.924+0000] {processor.py:830} INFO - Processing file /opt/airflow/dags/house_prices_pipeline.py for tasks to queue
[2025-12-22T13:26:00.925+0000] {logging_mixin.py:188} INFO - [2025-12-22T13:26:00.924+0000] {dagbag.py:540} INFO - Filling up the DagBag from /opt/airflow/dags/house_prices_pipeline.py
[2025-12-22T13:26:01.650+0000] {processor.py:840} INFO - DAG(s) 'house_prices_pipeline' retrieved from /opt/airflow/dags/house_prices_pipeline.py
[2025-12-22T13:26:01.672+0000] {logging_mixin.py:188} INFO - [2025-12-22T13:26:01.672+0000] {dag.py:3047} INFO - Sync 1 DAGs
[2025-12-22T13:26:01.692+0000] {logging_mixin.py:188} INFO - [2025-12-22T13:26:01.692+0000] {dag.py:3834} INFO - Setting next_dagrun for house_prices_pipeline to 2025-12-22 00:00:00+00:00, run_after=2025-12-23 00:00:00+00:00
[2025-12-22T13:26:01.710+0000] {processor.py:183} INFO - Processing /opt/airflow/dags/house_prices_pipeline.py took 0.790 seconds
[2025-12-22T13:26:31.885+0000] {processor.py:161} INFO - Started process (PID=15952) to work on /opt/airflow/dags/house_prices_pipeline.py
[2025-12-22T13:26:31.886+0000] {processor.py:830} INFO - Processing file /opt/airflow/dags/house_prices_pipeline.py for tasks to queue
[2025-12-22T13:26:31.887+0000] {logging_mixin.py:188} INFO - [2025-12-22T13:26:31.887+0000] {dagbag.py:540} INFO - Filling up the DagBag from /opt/airflow/dags/house_prices_pipeline.py
[2025-12-22T13:26:32.690+0000] {processor.py:840} INFO - DAG(s) 'house_prices_pipeline' retrieved from /opt/airflow/dags/house_prices_pipeline.py
[2025-12-22T13:26:32.718+0000] {logging_mixin.py:188} INFO - [2025-12-22T13:26:32.717+0000] {dag.py:3047} INFO - Sync 1 DAGs
[2025-12-22T13:26:32.748+0000] {logging_mixin.py:188} INFO - [2025-12-22T13:26:32.747+0000] {dag.py:3834} INFO - Setting next_dagrun for house_prices_pipeline to 2025-12-22 00:00:00+00:00, run_after=2025-12-23 00:00:00+00:00
[2025-12-22T13:26:32.774+0000] {processor.py:183} INFO - Processing /opt/airflow/dags/house_prices_pipeline.py took 0.892 seconds
[2025-12-22T13:27:02.946+0000] {processor.py:161} INFO - Started process (PID=15973) to work on /opt/airflow/dags/house_prices_pipeline.py
[2025-12-22T13:27:02.947+0000] {processor.py:830} INFO - Processing file /opt/airflow/dags/house_prices_pipeline.py for tasks to queue
[2025-12-22T13:27:02.948+0000] {logging_mixin.py:188} INFO - [2025-12-22T13:27:02.948+0000] {dagbag.py:540} INFO - Filling up the DagBag from /opt/airflow/dags/house_prices_pipeline.py
[2025-12-22T13:27:03.724+0000] {processor.py:840} INFO - DAG(s) 'house_prices_pipeline' retrieved from /opt/airflow/dags/house_prices_pipeline.py
[2025-12-22T13:27:03.748+0000] {logging_mixin.py:188} INFO - [2025-12-22T13:27:03.748+0000] {dag.py:3047} INFO - Sync 1 DAGs
[2025-12-22T13:27:03.769+0000] {logging_mixin.py:188} INFO - [2025-12-22T13:27:03.769+0000] {dag.py:3834} INFO - Setting next_dagrun for house_prices_pipeline to 2025-12-22 00:00:00+00:00, run_after=2025-12-23 00:00:00+00:00
[2025-12-22T13:27:03.787+0000] {processor.py:183} INFO - Processing /opt/airflow/dags/house_prices_pipeline.py took 0.844 seconds
[2025-12-22T13:27:33.959+0000] {processor.py:161} INFO - Started process (PID=15994) to work on /opt/airflow/dags/house_prices_pipeline.py
[2025-12-22T13:27:33.960+0000] {processor.py:830} INFO - Processing file /opt/airflow/dags/house_prices_pipeline.py for tasks to queue
[2025-12-22T13:27:33.961+0000] {logging_mixin.py:188} INFO - [2025-12-22T13:27:33.961+0000] {dagbag.py:540} INFO - Filling up the DagBag from /opt/airflow/dags/house_prices_pipeline.py
[2025-12-22T13:27:35.249+0000] {processor.py:840} INFO - DAG(s) 'house_prices_pipeline' retrieved from /opt/airflow/dags/house_prices_pipeline.py
[2025-12-22T13:27:35.279+0000] {logging_mixin.py:188} INFO - [2025-12-22T13:27:35.278+0000] {dag.py:3047} INFO - Sync 1 DAGs
[2025-12-22T13:27:35.300+0000] {logging_mixin.py:188} INFO - [2025-12-22T13:27:35.300+0000] {dag.py:3834} INFO - Setting next_dagrun for house_prices_pipeline to 2025-12-22 00:00:00+00:00, run_after=2025-12-23 00:00:00+00:00
[2025-12-22T13:27:35.320+0000] {processor.py:183} INFO - Processing /opt/airflow/dags/house_prices_pipeline.py took 1.364 seconds
[2025-12-22T13:28:05.495+0000] {processor.py:161} INFO - Started process (PID=16015) to work on /opt/airflow/dags/house_prices_pipeline.py
[2025-12-22T13:28:05.496+0000] {processor.py:830} INFO - Processing file /opt/airflow/dags/house_prices_pipeline.py for tasks to queue
[2025-12-22T13:28:05.497+0000] {logging_mixin.py:188} INFO - [2025-12-22T13:28:05.496+0000] {dagbag.py:540} INFO - Filling up the DagBag from /opt/airflow/dags/house_prices_pipeline.py
[2025-12-22T13:28:06.245+0000] {processor.py:840} INFO - DAG(s) 'house_prices_pipeline' retrieved from /opt/airflow/dags/house_prices_pipeline.py
[2025-12-22T13:28:06.269+0000] {logging_mixin.py:188} INFO - [2025-12-22T13:28:06.269+0000] {dag.py:3047} INFO - Sync 1 DAGs
[2025-12-22T13:28:06.291+0000] {logging_mixin.py:188} INFO - [2025-12-22T13:28:06.291+0000] {dag.py:3834} INFO - Setting next_dagrun for house_prices_pipeline to 2025-12-22 00:00:00+00:00, run_after=2025-12-23 00:00:00+00:00
[2025-12-22T13:28:06.308+0000] {processor.py:183} INFO - Processing /opt/airflow/dags/house_prices_pipeline.py took 0.816 seconds
[2025-12-22T13:28:36.477+0000] {processor.py:161} INFO - Started process (PID=16036) to work on /opt/airflow/dags/house_prices_pipeline.py
[2025-12-22T13:28:36.478+0000] {processor.py:830} INFO - Processing file /opt/airflow/dags/house_prices_pipeline.py for tasks to queue
[2025-12-22T13:28:36.479+0000] {logging_mixin.py:188} INFO - [2025-12-22T13:28:36.479+0000] {dagbag.py:540} INFO - Filling up the DagBag from /opt/airflow/dags/house_prices_pipeline.py
[2025-12-22T13:28:37.760+0000] {processor.py:840} INFO - DAG(s) 'house_prices_pipeline' retrieved from /opt/airflow/dags/house_prices_pipeline.py
[2025-12-22T13:28:37.791+0000] {logging_mixin.py:188} INFO - [2025-12-22T13:28:37.791+0000] {dag.py:3047} INFO - Sync 1 DAGs
[2025-12-22T13:28:37.812+0000] {logging_mixin.py:188} INFO - [2025-12-22T13:28:37.812+0000] {dag.py:3834} INFO - Setting next_dagrun for house_prices_pipeline to 2025-12-22 00:00:00+00:00, run_after=2025-12-23 00:00:00+00:00
[2025-12-22T13:28:37.829+0000] {processor.py:183} INFO - Processing /opt/airflow/dags/house_prices_pipeline.py took 1.355 seconds
[2025-12-22T13:29:07.999+0000] {processor.py:161} INFO - Started process (PID=16057) to work on /opt/airflow/dags/house_prices_pipeline.py
[2025-12-22T13:29:08.000+0000] {processor.py:830} INFO - Processing file /opt/airflow/dags/house_prices_pipeline.py for tasks to queue
[2025-12-22T13:29:08.001+0000] {logging_mixin.py:188} INFO - [2025-12-22T13:29:08.000+0000] {dagbag.py:540} INFO - Filling up the DagBag from /opt/airflow/dags/house_prices_pipeline.py
[2025-12-22T13:29:08.740+0000] {processor.py:840} INFO - DAG(s) 'house_prices_pipeline' retrieved from /opt/airflow/dags/house_prices_pipeline.py
[2025-12-22T13:29:08.763+0000] {logging_mixin.py:188} INFO - [2025-12-22T13:29:08.763+0000] {dag.py:3047} INFO - Sync 1 DAGs
[2025-12-22T13:29:08.783+0000] {logging_mixin.py:188} INFO - [2025-12-22T13:29:08.782+0000] {dag.py:3834} INFO - Setting next_dagrun for house_prices_pipeline to 2025-12-22 00:00:00+00:00, run_after=2025-12-23 00:00:00+00:00
[2025-12-22T13:29:08.800+0000] {processor.py:183} INFO - Processing /opt/airflow/dags/house_prices_pipeline.py took 0.804 seconds
[2025-12-22T13:29:38.963+0000] {processor.py:161} INFO - Started process (PID=16078) to work on /opt/airflow/dags/house_prices_pipeline.py
[2025-12-22T13:29:38.964+0000] {processor.py:830} INFO - Processing file /opt/airflow/dags/house_prices_pipeline.py for tasks to queue
[2025-12-22T13:29:38.965+0000] {logging_mixin.py:188} INFO - [2025-12-22T13:29:38.965+0000] {dagbag.py:540} INFO - Filling up the DagBag from /opt/airflow/dags/house_prices_pipeline.py
[2025-12-22T13:29:39.696+0000] {processor.py:840} INFO - DAG(s) 'house_prices_pipeline' retrieved from /opt/airflow/dags/house_prices_pipeline.py
[2025-12-22T13:29:39.721+0000] {logging_mixin.py:188} INFO - [2025-12-22T13:29:39.720+0000] {dag.py:3047} INFO - Sync 1 DAGs
[2025-12-22T13:29:39.742+0000] {logging_mixin.py:188} INFO - [2025-12-22T13:29:39.742+0000] {dag.py:3834} INFO - Setting next_dagrun for house_prices_pipeline to 2025-12-22 00:00:00+00:00, run_after=2025-12-23 00:00:00+00:00
[2025-12-22T13:29:39.761+0000] {processor.py:183} INFO - Processing /opt/airflow/dags/house_prices_pipeline.py took 0.800 seconds
[2025-12-22T13:30:09.926+0000] {processor.py:161} INFO - Started process (PID=16099) to work on /opt/airflow/dags/house_prices_pipeline.py
[2025-12-22T13:30:09.927+0000] {processor.py:830} INFO - Processing file /opt/airflow/dags/house_prices_pipeline.py for tasks to queue
[2025-12-22T13:30:09.928+0000] {logging_mixin.py:188} INFO - [2025-12-22T13:30:09.928+0000] {dagbag.py:540} INFO - Filling up the DagBag from /opt/airflow/dags/house_prices_pipeline.py
[2025-12-22T13:30:10.667+0000] {processor.py:840} INFO - DAG(s) 'house_prices_pipeline' retrieved from /opt/airflow/dags/house_prices_pipeline.py
[2025-12-22T13:30:10.693+0000] {logging_mixin.py:188} INFO - [2025-12-22T13:30:10.692+0000] {dag.py:3047} INFO - Sync 1 DAGs
[2025-12-22T13:30:10.715+0000] {logging_mixin.py:188} INFO - [2025-12-22T13:30:10.715+0000] {dag.py:3834} INFO - Setting next_dagrun for house_prices_pipeline to 2025-12-22 00:00:00+00:00, run_after=2025-12-23 00:00:00+00:00
[2025-12-22T13:30:10.736+0000] {processor.py:183} INFO - Processing /opt/airflow/dags/house_prices_pipeline.py took 0.812 seconds
[2025-12-22T13:30:40.929+0000] {processor.py:161} INFO - Started process (PID=16120) to work on /opt/airflow/dags/house_prices_pipeline.py
[2025-12-22T13:30:40.930+0000] {processor.py:830} INFO - Processing file /opt/airflow/dags/house_prices_pipeline.py for tasks to queue
[2025-12-22T13:30:40.931+0000] {logging_mixin.py:188} INFO - [2025-12-22T13:30:40.931+0000] {dagbag.py:540} INFO - Filling up the DagBag from /opt/airflow/dags/house_prices_pipeline.py
[2025-12-22T13:30:41.626+0000] {processor.py:840} INFO - DAG(s) 'house_prices_pipeline' retrieved from /opt/airflow/dags/house_prices_pipeline.py
[2025-12-22T13:30:41.647+0000] {logging_mixin.py:188} INFO - [2025-12-22T13:30:41.647+0000] {dag.py:3047} INFO - Sync 1 DAGs
[2025-12-22T13:30:41.666+0000] {logging_mixin.py:188} INFO - [2025-12-22T13:30:41.666+0000] {dag.py:3834} INFO - Setting next_dagrun for house_prices_pipeline to 2025-12-22 00:00:00+00:00, run_after=2025-12-23 00:00:00+00:00
[2025-12-22T13:30:41.683+0000] {processor.py:183} INFO - Processing /opt/airflow/dags/house_prices_pipeline.py took 0.756 seconds
[2025-12-22T13:31:11.864+0000] {processor.py:161} INFO - Started process (PID=16141) to work on /opt/airflow/dags/house_prices_pipeline.py
[2025-12-22T13:31:11.865+0000] {processor.py:830} INFO - Processing file /opt/airflow/dags/house_prices_pipeline.py for tasks to queue
[2025-12-22T13:31:11.866+0000] {logging_mixin.py:188} INFO - [2025-12-22T13:31:11.866+0000] {dagbag.py:540} INFO - Filling up the DagBag from /opt/airflow/dags/house_prices_pipeline.py
[2025-12-22T13:31:12.574+0000] {processor.py:840} INFO - DAG(s) 'house_prices_pipeline' retrieved from /opt/airflow/dags/house_prices_pipeline.py
[2025-12-22T13:31:12.597+0000] {logging_mixin.py:188} INFO - [2025-12-22T13:31:12.596+0000] {dag.py:3047} INFO - Sync 1 DAGs
[2025-12-22T13:31:12.617+0000] {logging_mixin.py:188} INFO - [2025-12-22T13:31:12.617+0000] {dag.py:3834} INFO - Setting next_dagrun for house_prices_pipeline to 2025-12-22 00:00:00+00:00, run_after=2025-12-23 00:00:00+00:00
[2025-12-22T13:31:12.636+0000] {processor.py:183} INFO - Processing /opt/airflow/dags/house_prices_pipeline.py took 0.774 seconds
[2025-12-22T13:31:42.837+0000] {processor.py:161} INFO - Started process (PID=16162) to work on /opt/airflow/dags/house_prices_pipeline.py
[2025-12-22T13:31:42.838+0000] {processor.py:830} INFO - Processing file /opt/airflow/dags/house_prices_pipeline.py for tasks to queue
[2025-12-22T13:31:42.840+0000] {logging_mixin.py:188} INFO - [2025-12-22T13:31:42.839+0000] {dagbag.py:540} INFO - Filling up the DagBag from /opt/airflow/dags/house_prices_pipeline.py
[2025-12-22T13:31:43.624+0000] {processor.py:840} INFO - DAG(s) 'house_prices_pipeline' retrieved from /opt/airflow/dags/house_prices_pipeline.py
[2025-12-22T13:31:43.647+0000] {logging_mixin.py:188} INFO - [2025-12-22T13:31:43.646+0000] {dag.py:3047} INFO - Sync 1 DAGs
[2025-12-22T13:31:43.666+0000] {logging_mixin.py:188} INFO - [2025-12-22T13:31:43.666+0000] {dag.py:3834} INFO - Setting next_dagrun for house_prices_pipeline to 2025-12-22 00:00:00+00:00, run_after=2025-12-23 00:00:00+00:00
[2025-12-22T13:31:43.683+0000] {processor.py:183} INFO - Processing /opt/airflow/dags/house_prices_pipeline.py took 0.850 seconds
[2025-12-22T13:32:13.859+0000] {processor.py:161} INFO - Started process (PID=16183) to work on /opt/airflow/dags/house_prices_pipeline.py
[2025-12-22T13:32:13.860+0000] {processor.py:830} INFO - Processing file /opt/airflow/dags/house_prices_pipeline.py for tasks to queue
[2025-12-22T13:32:13.861+0000] {logging_mixin.py:188} INFO - [2025-12-22T13:32:13.861+0000] {dagbag.py:540} INFO - Filling up the DagBag from /opt/airflow/dags/house_prices_pipeline.py
[2025-12-22T13:32:14.652+0000] {processor.py:840} INFO - DAG(s) 'house_prices_pipeline' retrieved from /opt/airflow/dags/house_prices_pipeline.py
[2025-12-22T13:32:14.677+0000] {logging_mixin.py:188} INFO - [2025-12-22T13:32:14.676+0000] {dag.py:3047} INFO - Sync 1 DAGs
[2025-12-22T13:32:14.698+0000] {logging_mixin.py:188} INFO - [2025-12-22T13:32:14.698+0000] {dag.py:3834} INFO - Setting next_dagrun for house_prices_pipeline to 2025-12-22 00:00:00+00:00, run_after=2025-12-23 00:00:00+00:00
[2025-12-22T13:32:14.719+0000] {processor.py:183} INFO - Processing /opt/airflow/dags/house_prices_pipeline.py took 0.863 seconds
[2025-12-22T13:32:44.888+0000] {processor.py:161} INFO - Started process (PID=16204) to work on /opt/airflow/dags/house_prices_pipeline.py
[2025-12-22T13:32:44.889+0000] {processor.py:830} INFO - Processing file /opt/airflow/dags/house_prices_pipeline.py for tasks to queue
[2025-12-22T13:32:44.890+0000] {logging_mixin.py:188} INFO - [2025-12-22T13:32:44.890+0000] {dagbag.py:540} INFO - Filling up the DagBag from /opt/airflow/dags/house_prices_pipeline.py
[2025-12-22T13:32:45.625+0000] {processor.py:840} INFO - DAG(s) 'house_prices_pipeline' retrieved from /opt/airflow/dags/house_prices_pipeline.py
[2025-12-22T13:32:45.648+0000] {logging_mixin.py:188} INFO - [2025-12-22T13:32:45.648+0000] {dag.py:3047} INFO - Sync 1 DAGs
[2025-12-22T13:32:45.670+0000] {logging_mixin.py:188} INFO - [2025-12-22T13:32:45.670+0000] {dag.py:3834} INFO - Setting next_dagrun for house_prices_pipeline to 2025-12-22 00:00:00+00:00, run_after=2025-12-23 00:00:00+00:00
[2025-12-22T13:32:45.687+0000] {processor.py:183} INFO - Processing /opt/airflow/dags/house_prices_pipeline.py took 0.802 seconds
[2025-12-22T13:33:15.752+0000] {processor.py:161} INFO - Started process (PID=16225) to work on /opt/airflow/dags/house_prices_pipeline.py
[2025-12-22T13:33:15.754+0000] {processor.py:830} INFO - Processing file /opt/airflow/dags/house_prices_pipeline.py for tasks to queue
[2025-12-22T13:33:15.755+0000] {logging_mixin.py:188} INFO - [2025-12-22T13:33:15.754+0000] {dagbag.py:540} INFO - Filling up the DagBag from /opt/airflow/dags/house_prices_pipeline.py
[2025-12-22T13:33:16.491+0000] {processor.py:840} INFO - DAG(s) 'house_prices_pipeline' retrieved from /opt/airflow/dags/house_prices_pipeline.py
[2025-12-22T13:33:16.515+0000] {logging_mixin.py:188} INFO - [2025-12-22T13:33:16.514+0000] {dag.py:3047} INFO - Sync 1 DAGs
[2025-12-22T13:33:16.534+0000] {logging_mixin.py:188} INFO - [2025-12-22T13:33:16.534+0000] {dag.py:3834} INFO - Setting next_dagrun for house_prices_pipeline to 2025-12-22 00:00:00+00:00, run_after=2025-12-23 00:00:00+00:00
[2025-12-22T13:33:16.552+0000] {processor.py:183} INFO - Processing /opt/airflow/dags/house_prices_pipeline.py took 0.802 seconds
[2025-12-22T13:33:46.746+0000] {processor.py:161} INFO - Started process (PID=16246) to work on /opt/airflow/dags/house_prices_pipeline.py
[2025-12-22T13:33:46.748+0000] {processor.py:830} INFO - Processing file /opt/airflow/dags/house_prices_pipeline.py for tasks to queue
[2025-12-22T13:33:46.749+0000] {logging_mixin.py:188} INFO - [2025-12-22T13:33:46.748+0000] {dagbag.py:540} INFO - Filling up the DagBag from /opt/airflow/dags/house_prices_pipeline.py
[2025-12-22T13:33:47.520+0000] {processor.py:840} INFO - DAG(s) 'house_prices_pipeline' retrieved from /opt/airflow/dags/house_prices_pipeline.py
[2025-12-22T13:33:47.543+0000] {logging_mixin.py:188} INFO - [2025-12-22T13:33:47.542+0000] {dag.py:3047} INFO - Sync 1 DAGs
[2025-12-22T13:33:47.562+0000] {logging_mixin.py:188} INFO - [2025-12-22T13:33:47.561+0000] {dag.py:3834} INFO - Setting next_dagrun for house_prices_pipeline to 2025-12-22 00:00:00+00:00, run_after=2025-12-23 00:00:00+00:00
[2025-12-22T13:33:47.580+0000] {processor.py:183} INFO - Processing /opt/airflow/dags/house_prices_pipeline.py took 0.837 seconds
[2025-12-22T13:34:17.760+0000] {processor.py:161} INFO - Started process (PID=16267) to work on /opt/airflow/dags/house_prices_pipeline.py
[2025-12-22T13:34:17.761+0000] {processor.py:830} INFO - Processing file /opt/airflow/dags/house_prices_pipeline.py for tasks to queue
[2025-12-22T13:34:17.762+0000] {logging_mixin.py:188} INFO - [2025-12-22T13:34:17.762+0000] {dagbag.py:540} INFO - Filling up the DagBag from /opt/airflow/dags/house_prices_pipeline.py
[2025-12-22T13:34:18.517+0000] {processor.py:840} INFO - DAG(s) 'house_prices_pipeline' retrieved from /opt/airflow/dags/house_prices_pipeline.py
[2025-12-22T13:34:18.542+0000] {logging_mixin.py:188} INFO - [2025-12-22T13:34:18.542+0000] {dag.py:3047} INFO - Sync 1 DAGs
[2025-12-22T13:34:18.565+0000] {logging_mixin.py:188} INFO - [2025-12-22T13:34:18.565+0000] {dag.py:3834} INFO - Setting next_dagrun for house_prices_pipeline to 2025-12-22 00:00:00+00:00, run_after=2025-12-23 00:00:00+00:00
[2025-12-22T13:34:18.583+0000] {processor.py:183} INFO - Processing /opt/airflow/dags/house_prices_pipeline.py took 0.825 seconds
[2025-12-22T13:34:48.763+0000] {processor.py:161} INFO - Started process (PID=16288) to work on /opt/airflow/dags/house_prices_pipeline.py
[2025-12-22T13:34:48.764+0000] {processor.py:830} INFO - Processing file /opt/airflow/dags/house_prices_pipeline.py for tasks to queue
[2025-12-22T13:34:48.765+0000] {logging_mixin.py:188} INFO - [2025-12-22T13:34:48.765+0000] {dagbag.py:540} INFO - Filling up the DagBag from /opt/airflow/dags/house_prices_pipeline.py
[2025-12-22T13:34:49.951+0000] {processor.py:840} INFO - DAG(s) 'house_prices_pipeline' retrieved from /opt/airflow/dags/house_prices_pipeline.py
[2025-12-22T13:34:49.980+0000] {logging_mixin.py:188} INFO - [2025-12-22T13:34:49.979+0000] {dag.py:3047} INFO - Sync 1 DAGs
[2025-12-22T13:34:50.000+0000] {logging_mixin.py:188} INFO - [2025-12-22T13:34:50.000+0000] {dag.py:3834} INFO - Setting next_dagrun for house_prices_pipeline to 2025-12-22 00:00:00+00:00, run_after=2025-12-23 00:00:00+00:00
[2025-12-22T13:34:50.017+0000] {processor.py:183} INFO - Processing /opt/airflow/dags/house_prices_pipeline.py took 1.257 seconds
[2025-12-22T13:35:20.178+0000] {processor.py:161} INFO - Started process (PID=16309) to work on /opt/airflow/dags/house_prices_pipeline.py
[2025-12-22T13:35:20.179+0000] {processor.py:830} INFO - Processing file /opt/airflow/dags/house_prices_pipeline.py for tasks to queue
[2025-12-22T13:35:20.180+0000] {logging_mixin.py:188} INFO - [2025-12-22T13:35:20.180+0000] {dagbag.py:540} INFO - Filling up the DagBag from /opt/airflow/dags/house_prices_pipeline.py
[2025-12-22T13:35:20.919+0000] {processor.py:840} INFO - DAG(s) 'house_prices_pipeline' retrieved from /opt/airflow/dags/house_prices_pipeline.py
[2025-12-22T13:35:20.941+0000] {logging_mixin.py:188} INFO - [2025-12-22T13:35:20.940+0000] {dag.py:3047} INFO - Sync 1 DAGs
[2025-12-22T13:35:20.959+0000] {logging_mixin.py:188} INFO - [2025-12-22T13:35:20.959+0000] {dag.py:3834} INFO - Setting next_dagrun for house_prices_pipeline to 2025-12-22 00:00:00+00:00, run_after=2025-12-23 00:00:00+00:00
[2025-12-22T13:35:20.977+0000] {processor.py:183} INFO - Processing /opt/airflow/dags/house_prices_pipeline.py took 0.801 seconds
[2025-12-22T13:35:51.061+0000] {processor.py:161} INFO - Started process (PID=16330) to work on /opt/airflow/dags/house_prices_pipeline.py
[2025-12-22T13:35:51.062+0000] {processor.py:830} INFO - Processing file /opt/airflow/dags/house_prices_pipeline.py for tasks to queue
[2025-12-22T13:35:51.062+0000] {logging_mixin.py:188} INFO - [2025-12-22T13:35:51.062+0000] {dagbag.py:540} INFO - Filling up the DagBag from /opt/airflow/dags/house_prices_pipeline.py
[2025-12-22T13:35:51.777+0000] {processor.py:840} INFO - DAG(s) 'house_prices_pipeline' retrieved from /opt/airflow/dags/house_prices_pipeline.py
[2025-12-22T13:35:51.800+0000] {logging_mixin.py:188} INFO - [2025-12-22T13:35:51.800+0000] {dag.py:3047} INFO - Sync 1 DAGs
[2025-12-22T13:35:51.821+0000] {logging_mixin.py:188} INFO - [2025-12-22T13:35:51.821+0000] {dag.py:3834} INFO - Setting next_dagrun for house_prices_pipeline to 2025-12-22 00:00:00+00:00, run_after=2025-12-23 00:00:00+00:00
[2025-12-22T13:35:51.838+0000] {processor.py:183} INFO - Processing /opt/airflow/dags/house_prices_pipeline.py took 0.780 seconds
[2025-12-22T13:36:22.027+0000] {processor.py:161} INFO - Started process (PID=16351) to work on /opt/airflow/dags/house_prices_pipeline.py
[2025-12-22T13:36:22.028+0000] {processor.py:830} INFO - Processing file /opt/airflow/dags/house_prices_pipeline.py for tasks to queue
[2025-12-22T13:36:22.029+0000] {logging_mixin.py:188} INFO - [2025-12-22T13:36:22.028+0000] {dagbag.py:540} INFO - Filling up the DagBag from /opt/airflow/dags/house_prices_pipeline.py
[2025-12-22T13:36:22.718+0000] {processor.py:840} INFO - DAG(s) 'house_prices_pipeline' retrieved from /opt/airflow/dags/house_prices_pipeline.py
[2025-12-22T13:36:22.742+0000] {logging_mixin.py:188} INFO - [2025-12-22T13:36:22.742+0000] {dag.py:3047} INFO - Sync 1 DAGs
[2025-12-22T13:36:22.762+0000] {logging_mixin.py:188} INFO - [2025-12-22T13:36:22.762+0000] {dag.py:3834} INFO - Setting next_dagrun for house_prices_pipeline to 2025-12-22 00:00:00+00:00, run_after=2025-12-23 00:00:00+00:00
[2025-12-22T13:36:22.782+0000] {processor.py:183} INFO - Processing /opt/airflow/dags/house_prices_pipeline.py took 0.757 seconds
[2025-12-22T13:36:52.986+0000] {processor.py:161} INFO - Started process (PID=16372) to work on /opt/airflow/dags/house_prices_pipeline.py
[2025-12-22T13:36:52.987+0000] {processor.py:830} INFO - Processing file /opt/airflow/dags/house_prices_pipeline.py for tasks to queue
[2025-12-22T13:36:52.988+0000] {logging_mixin.py:188} INFO - [2025-12-22T13:36:52.987+0000] {dagbag.py:540} INFO - Filling up the DagBag from /opt/airflow/dags/house_prices_pipeline.py
[2025-12-22T13:36:53.694+0000] {processor.py:840} INFO - DAG(s) 'house_prices_pipeline' retrieved from /opt/airflow/dags/house_prices_pipeline.py
[2025-12-22T13:36:53.717+0000] {logging_mixin.py:188} INFO - [2025-12-22T13:36:53.717+0000] {dag.py:3047} INFO - Sync 1 DAGs
[2025-12-22T13:36:53.736+0000] {logging_mixin.py:188} INFO - [2025-12-22T13:36:53.736+0000] {dag.py:3834} INFO - Setting next_dagrun for house_prices_pipeline to 2025-12-22 00:00:00+00:00, run_after=2025-12-23 00:00:00+00:00
[2025-12-22T13:36:53.756+0000] {processor.py:183} INFO - Processing /opt/airflow/dags/house_prices_pipeline.py took 0.772 seconds
[2025-12-22T13:37:23.938+0000] {processor.py:161} INFO - Started process (PID=16393) to work on /opt/airflow/dags/house_prices_pipeline.py
[2025-12-22T13:37:23.939+0000] {processor.py:830} INFO - Processing file /opt/airflow/dags/house_prices_pipeline.py for tasks to queue
[2025-12-22T13:37:23.941+0000] {logging_mixin.py:188} INFO - [2025-12-22T13:37:23.940+0000] {dagbag.py:540} INFO - Filling up the DagBag from /opt/airflow/dags/house_prices_pipeline.py
[2025-12-22T13:37:24.638+0000] {processor.py:840} INFO - DAG(s) 'house_prices_pipeline' retrieved from /opt/airflow/dags/house_prices_pipeline.py
[2025-12-22T13:37:24.661+0000] {logging_mixin.py:188} INFO - [2025-12-22T13:37:24.660+0000] {dag.py:3047} INFO - Sync 1 DAGs
[2025-12-22T13:37:24.681+0000] {logging_mixin.py:188} INFO - [2025-12-22T13:37:24.681+0000] {dag.py:3834} INFO - Setting next_dagrun for house_prices_pipeline to 2025-12-22 00:00:00+00:00, run_after=2025-12-23 00:00:00+00:00
[2025-12-22T13:37:24.697+0000] {processor.py:183} INFO - Processing /opt/airflow/dags/house_prices_pipeline.py took 0.762 seconds
[2025-12-22T13:37:54.872+0000] {processor.py:161} INFO - Started process (PID=16414) to work on /opt/airflow/dags/house_prices_pipeline.py
[2025-12-22T13:37:54.873+0000] {processor.py:830} INFO - Processing file /opt/airflow/dags/house_prices_pipeline.py for tasks to queue
[2025-12-22T13:37:54.873+0000] {logging_mixin.py:188} INFO - [2025-12-22T13:37:54.873+0000] {dagbag.py:540} INFO - Filling up the DagBag from /opt/airflow/dags/house_prices_pipeline.py
[2025-12-22T13:37:55.588+0000] {processor.py:840} INFO - DAG(s) 'house_prices_pipeline' retrieved from /opt/airflow/dags/house_prices_pipeline.py
[2025-12-22T13:37:55.611+0000] {logging_mixin.py:188} INFO - [2025-12-22T13:37:55.611+0000] {dag.py:3047} INFO - Sync 1 DAGs
[2025-12-22T13:37:55.630+0000] {logging_mixin.py:188} INFO - [2025-12-22T13:37:55.630+0000] {dag.py:3834} INFO - Setting next_dagrun for house_prices_pipeline to 2025-12-22 00:00:00+00:00, run_after=2025-12-23 00:00:00+00:00
[2025-12-22T13:37:55.646+0000] {processor.py:183} INFO - Processing /opt/airflow/dags/house_prices_pipeline.py took 0.777 seconds
[2025-12-22T13:38:25.838+0000] {processor.py:161} INFO - Started process (PID=16435) to work on /opt/airflow/dags/house_prices_pipeline.py
[2025-12-22T13:38:25.839+0000] {processor.py:830} INFO - Processing file /opt/airflow/dags/house_prices_pipeline.py for tasks to queue
[2025-12-22T13:38:25.840+0000] {logging_mixin.py:188} INFO - [2025-12-22T13:38:25.840+0000] {dagbag.py:540} INFO - Filling up the DagBag from /opt/airflow/dags/house_prices_pipeline.py
[2025-12-22T13:38:26.554+0000] {processor.py:840} INFO - DAG(s) 'house_prices_pipeline' retrieved from /opt/airflow/dags/house_prices_pipeline.py
[2025-12-22T13:38:26.576+0000] {logging_mixin.py:188} INFO - [2025-12-22T13:38:26.575+0000] {dag.py:3047} INFO - Sync 1 DAGs
[2025-12-22T13:38:26.596+0000] {logging_mixin.py:188} INFO - [2025-12-22T13:38:26.595+0000] {dag.py:3834} INFO - Setting next_dagrun for house_prices_pipeline to 2025-12-22 00:00:00+00:00, run_after=2025-12-23 00:00:00+00:00
[2025-12-22T13:38:26.612+0000] {processor.py:183} INFO - Processing /opt/airflow/dags/house_prices_pipeline.py took 0.776 seconds
[2025-12-22T13:38:56.802+0000] {processor.py:161} INFO - Started process (PID=16456) to work on /opt/airflow/dags/house_prices_pipeline.py
[2025-12-22T13:38:56.803+0000] {processor.py:830} INFO - Processing file /opt/airflow/dags/house_prices_pipeline.py for tasks to queue
[2025-12-22T13:38:56.804+0000] {logging_mixin.py:188} INFO - [2025-12-22T13:38:56.804+0000] {dagbag.py:540} INFO - Filling up the DagBag from /opt/airflow/dags/house_prices_pipeline.py
[2025-12-22T13:38:57.495+0000] {processor.py:840} INFO - DAG(s) 'house_prices_pipeline' retrieved from /opt/airflow/dags/house_prices_pipeline.py
[2025-12-22T13:38:57.518+0000] {logging_mixin.py:188} INFO - [2025-12-22T13:38:57.518+0000] {dag.py:3047} INFO - Sync 1 DAGs
[2025-12-22T13:38:57.539+0000] {logging_mixin.py:188} INFO - [2025-12-22T13:38:57.539+0000] {dag.py:3834} INFO - Setting next_dagrun for house_prices_pipeline to 2025-12-22 00:00:00+00:00, run_after=2025-12-23 00:00:00+00:00
[2025-12-22T13:38:57.555+0000] {processor.py:183} INFO - Processing /opt/airflow/dags/house_prices_pipeline.py took 0.755 seconds
[2025-12-22T13:39:27.740+0000] {processor.py:161} INFO - Started process (PID=16477) to work on /opt/airflow/dags/house_prices_pipeline.py
[2025-12-22T13:39:27.741+0000] {processor.py:830} INFO - Processing file /opt/airflow/dags/house_prices_pipeline.py for tasks to queue
[2025-12-22T13:39:27.742+0000] {logging_mixin.py:188} INFO - [2025-12-22T13:39:27.741+0000] {dagbag.py:540} INFO - Filling up the DagBag from /opt/airflow/dags/house_prices_pipeline.py
[2025-12-22T13:39:28.435+0000] {processor.py:840} INFO - DAG(s) 'house_prices_pipeline' retrieved from /opt/airflow/dags/house_prices_pipeline.py
[2025-12-22T13:39:28.459+0000] {logging_mixin.py:188} INFO - [2025-12-22T13:39:28.459+0000] {dag.py:3047} INFO - Sync 1 DAGs
[2025-12-22T13:39:28.479+0000] {logging_mixin.py:188} INFO - [2025-12-22T13:39:28.478+0000] {dag.py:3834} INFO - Setting next_dagrun for house_prices_pipeline to 2025-12-22 00:00:00+00:00, run_after=2025-12-23 00:00:00+00:00
[2025-12-22T13:39:28.497+0000] {processor.py:183} INFO - Processing /opt/airflow/dags/house_prices_pipeline.py took 0.767 seconds
[2025-12-22T13:39:58.673+0000] {processor.py:161} INFO - Started process (PID=16498) to work on /opt/airflow/dags/house_prices_pipeline.py
[2025-12-22T13:39:58.674+0000] {processor.py:830} INFO - Processing file /opt/airflow/dags/house_prices_pipeline.py for tasks to queue
[2025-12-22T13:39:58.675+0000] {logging_mixin.py:188} INFO - [2025-12-22T13:39:58.674+0000] {dagbag.py:540} INFO - Filling up the DagBag from /opt/airflow/dags/house_prices_pipeline.py
[2025-12-22T13:39:59.399+0000] {processor.py:840} INFO - DAG(s) 'house_prices_pipeline' retrieved from /opt/airflow/dags/house_prices_pipeline.py
[2025-12-22T13:39:59.423+0000] {logging_mixin.py:188} INFO - [2025-12-22T13:39:59.423+0000] {dag.py:3047} INFO - Sync 1 DAGs
[2025-12-22T13:39:59.442+0000] {logging_mixin.py:188} INFO - [2025-12-22T13:39:59.442+0000] {dag.py:3834} INFO - Setting next_dagrun for house_prices_pipeline to 2025-12-22 00:00:00+00:00, run_after=2025-12-23 00:00:00+00:00
[2025-12-22T13:39:59.459+0000] {processor.py:183} INFO - Processing /opt/airflow/dags/house_prices_pipeline.py took 0.789 seconds
[2025-12-22T13:40:29.595+0000] {processor.py:161} INFO - Started process (PID=16519) to work on /opt/airflow/dags/house_prices_pipeline.py
[2025-12-22T13:40:29.596+0000] {processor.py:830} INFO - Processing file /opt/airflow/dags/house_prices_pipeline.py for tasks to queue
[2025-12-22T13:40:29.597+0000] {logging_mixin.py:188} INFO - [2025-12-22T13:40:29.597+0000] {dagbag.py:540} INFO - Filling up the DagBag from /opt/airflow/dags/house_prices_pipeline.py
[2025-12-22T13:40:30.330+0000] {processor.py:840} INFO - DAG(s) 'house_prices_pipeline' retrieved from /opt/airflow/dags/house_prices_pipeline.py
[2025-12-22T13:40:30.354+0000] {logging_mixin.py:188} INFO - [2025-12-22T13:40:30.354+0000] {dag.py:3047} INFO - Sync 1 DAGs
[2025-12-22T13:40:30.375+0000] {logging_mixin.py:188} INFO - [2025-12-22T13:40:30.375+0000] {dag.py:3834} INFO - Setting next_dagrun for house_prices_pipeline to 2025-12-22 00:00:00+00:00, run_after=2025-12-23 00:00:00+00:00
[2025-12-22T13:40:30.392+0000] {processor.py:183} INFO - Processing /opt/airflow/dags/house_prices_pipeline.py took 0.799 seconds
[2025-12-22T13:41:00.586+0000] {processor.py:161} INFO - Started process (PID=16540) to work on /opt/airflow/dags/house_prices_pipeline.py
[2025-12-22T13:41:00.587+0000] {processor.py:830} INFO - Processing file /opt/airflow/dags/house_prices_pipeline.py for tasks to queue
[2025-12-22T13:41:00.588+0000] {logging_mixin.py:188} INFO - [2025-12-22T13:41:00.588+0000] {dagbag.py:540} INFO - Filling up the DagBag from /opt/airflow/dags/house_prices_pipeline.py
[2025-12-22T13:41:01.368+0000] {processor.py:840} INFO - DAG(s) 'house_prices_pipeline' retrieved from /opt/airflow/dags/house_prices_pipeline.py
[2025-12-22T13:41:01.392+0000] {logging_mixin.py:188} INFO - [2025-12-22T13:41:01.391+0000] {dag.py:3047} INFO - Sync 1 DAGs
[2025-12-22T13:41:01.413+0000] {logging_mixin.py:188} INFO - [2025-12-22T13:41:01.413+0000] {dag.py:3834} INFO - Setting next_dagrun for house_prices_pipeline to 2025-12-22 00:00:00+00:00, run_after=2025-12-23 00:00:00+00:00
[2025-12-22T13:41:01.430+0000] {processor.py:183} INFO - Processing /opt/airflow/dags/house_prices_pipeline.py took 0.847 seconds
[2025-12-22T13:41:31.618+0000] {processor.py:161} INFO - Started process (PID=16561) to work on /opt/airflow/dags/house_prices_pipeline.py
[2025-12-22T13:41:31.619+0000] {processor.py:830} INFO - Processing file /opt/airflow/dags/house_prices_pipeline.py for tasks to queue
[2025-12-22T13:41:31.620+0000] {logging_mixin.py:188} INFO - [2025-12-22T13:41:31.620+0000] {dagbag.py:540} INFO - Filling up the DagBag from /opt/airflow/dags/house_prices_pipeline.py
[2025-12-22T13:41:32.402+0000] {processor.py:840} INFO - DAG(s) 'house_prices_pipeline' retrieved from /opt/airflow/dags/house_prices_pipeline.py
[2025-12-22T13:41:32.427+0000] {logging_mixin.py:188} INFO - [2025-12-22T13:41:32.427+0000] {dag.py:3047} INFO - Sync 1 DAGs
[2025-12-22T13:41:32.449+0000] {logging_mixin.py:188} INFO - [2025-12-22T13:41:32.448+0000] {dag.py:3834} INFO - Setting next_dagrun for house_prices_pipeline to 2025-12-22 00:00:00+00:00, run_after=2025-12-23 00:00:00+00:00
[2025-12-22T13:41:32.468+0000] {processor.py:183} INFO - Processing /opt/airflow/dags/house_prices_pipeline.py took 0.853 seconds
[2025-12-22T13:42:02.653+0000] {processor.py:161} INFO - Started process (PID=16582) to work on /opt/airflow/dags/house_prices_pipeline.py
[2025-12-22T13:42:02.654+0000] {processor.py:830} INFO - Processing file /opt/airflow/dags/house_prices_pipeline.py for tasks to queue
[2025-12-22T13:42:02.655+0000] {logging_mixin.py:188} INFO - [2025-12-22T13:42:02.655+0000] {dagbag.py:540} INFO - Filling up the DagBag from /opt/airflow/dags/house_prices_pipeline.py
[2025-12-22T13:42:03.383+0000] {processor.py:840} INFO - DAG(s) 'house_prices_pipeline' retrieved from /opt/airflow/dags/house_prices_pipeline.py
[2025-12-22T13:42:03.406+0000] {logging_mixin.py:188} INFO - [2025-12-22T13:42:03.405+0000] {dag.py:3047} INFO - Sync 1 DAGs
[2025-12-22T13:42:03.427+0000] {logging_mixin.py:188} INFO - [2025-12-22T13:42:03.427+0000] {dag.py:3834} INFO - Setting next_dagrun for house_prices_pipeline to 2025-12-22 00:00:00+00:00, run_after=2025-12-23 00:00:00+00:00
[2025-12-22T13:42:03.443+0000] {processor.py:183} INFO - Processing /opt/airflow/dags/house_prices_pipeline.py took 0.792 seconds
[2025-12-22T13:42:33.616+0000] {processor.py:161} INFO - Started process (PID=16603) to work on /opt/airflow/dags/house_prices_pipeline.py
[2025-12-22T13:42:33.617+0000] {processor.py:830} INFO - Processing file /opt/airflow/dags/house_prices_pipeline.py for tasks to queue
[2025-12-22T13:42:33.619+0000] {logging_mixin.py:188} INFO - [2025-12-22T13:42:33.618+0000] {dagbag.py:540} INFO - Filling up the DagBag from /opt/airflow/dags/house_prices_pipeline.py
[2025-12-22T13:42:34.365+0000] {processor.py:840} INFO - DAG(s) 'house_prices_pipeline' retrieved from /opt/airflow/dags/house_prices_pipeline.py
[2025-12-22T13:42:34.389+0000] {logging_mixin.py:188} INFO - [2025-12-22T13:42:34.389+0000] {dag.py:3047} INFO - Sync 1 DAGs
[2025-12-22T13:42:34.410+0000] {logging_mixin.py:188} INFO - [2025-12-22T13:42:34.410+0000] {dag.py:3834} INFO - Setting next_dagrun for house_prices_pipeline to 2025-12-22 00:00:00+00:00, run_after=2025-12-23 00:00:00+00:00
[2025-12-22T13:42:34.429+0000] {processor.py:183} INFO - Processing /opt/airflow/dags/house_prices_pipeline.py took 0.815 seconds
[2025-12-22T13:43:04.603+0000] {processor.py:161} INFO - Started process (PID=16624) to work on /opt/airflow/dags/house_prices_pipeline.py
[2025-12-22T13:43:04.604+0000] {processor.py:830} INFO - Processing file /opt/airflow/dags/house_prices_pipeline.py for tasks to queue
[2025-12-22T13:43:04.605+0000] {logging_mixin.py:188} INFO - [2025-12-22T13:43:04.604+0000] {dagbag.py:540} INFO - Filling up the DagBag from /opt/airflow/dags/house_prices_pipeline.py
[2025-12-22T13:43:05.738+0000] {processor.py:840} INFO - DAG(s) 'house_prices_pipeline' retrieved from /opt/airflow/dags/house_prices_pipeline.py
[2025-12-22T13:43:05.765+0000] {logging_mixin.py:188} INFO - [2025-12-22T13:43:05.765+0000] {dag.py:3047} INFO - Sync 1 DAGs
[2025-12-22T13:43:05.785+0000] {logging_mixin.py:188} INFO - [2025-12-22T13:43:05.785+0000] {dag.py:3834} INFO - Setting next_dagrun for house_prices_pipeline to 2025-12-22 00:00:00+00:00, run_after=2025-12-23 00:00:00+00:00
[2025-12-22T13:43:05.804+0000] {processor.py:183} INFO - Processing /opt/airflow/dags/house_prices_pipeline.py took 1.204 seconds
[2025-12-22T13:43:35.971+0000] {processor.py:161} INFO - Started process (PID=16645) to work on /opt/airflow/dags/house_prices_pipeline.py
[2025-12-22T13:43:35.972+0000] {processor.py:830} INFO - Processing file /opt/airflow/dags/house_prices_pipeline.py for tasks to queue
[2025-12-22T13:43:35.972+0000] {logging_mixin.py:188} INFO - [2025-12-22T13:43:35.972+0000] {dagbag.py:540} INFO - Filling up the DagBag from /opt/airflow/dags/house_prices_pipeline.py
[2025-12-22T13:43:36.666+0000] {processor.py:840} INFO - DAG(s) 'house_prices_pipeline' retrieved from /opt/airflow/dags/house_prices_pipeline.py
[2025-12-22T13:43:36.689+0000] {logging_mixin.py:188} INFO - [2025-12-22T13:43:36.688+0000] {dag.py:3047} INFO - Sync 1 DAGs
[2025-12-22T13:43:36.710+0000] {logging_mixin.py:188} INFO - [2025-12-22T13:43:36.710+0000] {dag.py:3834} INFO - Setting next_dagrun for house_prices_pipeline to 2025-12-22 00:00:00+00:00, run_after=2025-12-23 00:00:00+00:00
[2025-12-22T13:43:36.728+0000] {processor.py:183} INFO - Processing /opt/airflow/dags/house_prices_pipeline.py took 0.759 seconds
[2025-12-22T13:44:06.912+0000] {processor.py:161} INFO - Started process (PID=16666) to work on /opt/airflow/dags/house_prices_pipeline.py
[2025-12-22T13:44:06.913+0000] {processor.py:830} INFO - Processing file /opt/airflow/dags/house_prices_pipeline.py for tasks to queue
[2025-12-22T13:44:06.914+0000] {logging_mixin.py:188} INFO - [2025-12-22T13:44:06.914+0000] {dagbag.py:540} INFO - Filling up the DagBag from /opt/airflow/dags/house_prices_pipeline.py
[2025-12-22T13:44:07.609+0000] {processor.py:840} INFO - DAG(s) 'house_prices_pipeline' retrieved from /opt/airflow/dags/house_prices_pipeline.py
[2025-12-22T13:44:07.633+0000] {logging_mixin.py:188} INFO - [2025-12-22T13:44:07.632+0000] {dag.py:3047} INFO - Sync 1 DAGs
[2025-12-22T13:44:07.652+0000] {logging_mixin.py:188} INFO - [2025-12-22T13:44:07.652+0000] {dag.py:3834} INFO - Setting next_dagrun for house_prices_pipeline to 2025-12-22 00:00:00+00:00, run_after=2025-12-23 00:00:00+00:00
[2025-12-22T13:44:07.669+0000] {processor.py:183} INFO - Processing /opt/airflow/dags/house_prices_pipeline.py took 0.758 seconds
[2025-12-22T13:44:37.853+0000] {processor.py:161} INFO - Started process (PID=16687) to work on /opt/airflow/dags/house_prices_pipeline.py
[2025-12-22T13:44:37.854+0000] {processor.py:830} INFO - Processing file /opt/airflow/dags/house_prices_pipeline.py for tasks to queue
[2025-12-22T13:44:37.855+0000] {logging_mixin.py:188} INFO - [2025-12-22T13:44:37.855+0000] {dagbag.py:540} INFO - Filling up the DagBag from /opt/airflow/dags/house_prices_pipeline.py
[2025-12-22T13:44:38.585+0000] {processor.py:840} INFO - DAG(s) 'house_prices_pipeline' retrieved from /opt/airflow/dags/house_prices_pipeline.py
[2025-12-22T13:44:38.607+0000] {logging_mixin.py:188} INFO - [2025-12-22T13:44:38.607+0000] {dag.py:3047} INFO - Sync 1 DAGs
[2025-12-22T13:44:38.627+0000] {logging_mixin.py:188} INFO - [2025-12-22T13:44:38.627+0000] {dag.py:3834} INFO - Setting next_dagrun for house_prices_pipeline to 2025-12-22 00:00:00+00:00, run_after=2025-12-23 00:00:00+00:00
[2025-12-22T13:44:38.646+0000] {processor.py:183} INFO - Processing /opt/airflow/dags/house_prices_pipeline.py took 0.794 seconds
[2025-12-22T13:45:08.830+0000] {processor.py:161} INFO - Started process (PID=16708) to work on /opt/airflow/dags/house_prices_pipeline.py
[2025-12-22T13:45:08.831+0000] {processor.py:830} INFO - Processing file /opt/airflow/dags/house_prices_pipeline.py for tasks to queue
[2025-12-22T13:45:08.832+0000] {logging_mixin.py:188} INFO - [2025-12-22T13:45:08.832+0000] {dagbag.py:540} INFO - Filling up the DagBag from /opt/airflow/dags/house_prices_pipeline.py
[2025-12-22T13:45:09.536+0000] {processor.py:840} INFO - DAG(s) 'house_prices_pipeline' retrieved from /opt/airflow/dags/house_prices_pipeline.py
[2025-12-22T13:45:09.560+0000] {logging_mixin.py:188} INFO - [2025-12-22T13:45:09.559+0000] {dag.py:3047} INFO - Sync 1 DAGs
[2025-12-22T13:45:09.580+0000] {logging_mixin.py:188} INFO - [2025-12-22T13:45:09.580+0000] {dag.py:3834} INFO - Setting next_dagrun for house_prices_pipeline to 2025-12-22 00:00:00+00:00, run_after=2025-12-23 00:00:00+00:00
[2025-12-22T13:45:09.597+0000] {processor.py:183} INFO - Processing /opt/airflow/dags/house_prices_pipeline.py took 0.769 seconds
[2025-12-22T13:45:39.766+0000] {processor.py:161} INFO - Started process (PID=16729) to work on /opt/airflow/dags/house_prices_pipeline.py
[2025-12-22T13:45:39.768+0000] {processor.py:830} INFO - Processing file /opt/airflow/dags/house_prices_pipeline.py for tasks to queue
[2025-12-22T13:45:39.769+0000] {logging_mixin.py:188} INFO - [2025-12-22T13:45:39.768+0000] {dagbag.py:540} INFO - Filling up the DagBag from /opt/airflow/dags/house_prices_pipeline.py
[2025-12-22T13:45:40.486+0000] {processor.py:840} INFO - DAG(s) 'house_prices_pipeline' retrieved from /opt/airflow/dags/house_prices_pipeline.py
[2025-12-22T13:45:40.509+0000] {logging_mixin.py:188} INFO - [2025-12-22T13:45:40.509+0000] {dag.py:3047} INFO - Sync 1 DAGs
[2025-12-22T13:45:40.528+0000] {logging_mixin.py:188} INFO - [2025-12-22T13:45:40.528+0000] {dag.py:3834} INFO - Setting next_dagrun for house_prices_pipeline to 2025-12-22 00:00:00+00:00, run_after=2025-12-23 00:00:00+00:00
[2025-12-22T13:45:40.544+0000] {processor.py:183} INFO - Processing /opt/airflow/dags/house_prices_pipeline.py took 0.780 seconds
[2025-12-22T13:46:10.705+0000] {processor.py:161} INFO - Started process (PID=16750) to work on /opt/airflow/dags/house_prices_pipeline.py
[2025-12-22T13:46:10.706+0000] {processor.py:830} INFO - Processing file /opt/airflow/dags/house_prices_pipeline.py for tasks to queue
[2025-12-22T13:46:10.707+0000] {logging_mixin.py:188} INFO - [2025-12-22T13:46:10.707+0000] {dagbag.py:540} INFO - Filling up the DagBag from /opt/airflow/dags/house_prices_pipeline.py
[2025-12-22T13:46:11.435+0000] {processor.py:840} INFO - DAG(s) 'house_prices_pipeline' retrieved from /opt/airflow/dags/house_prices_pipeline.py
[2025-12-22T13:46:11.459+0000] {logging_mixin.py:188} INFO - [2025-12-22T13:46:11.459+0000] {dag.py:3047} INFO - Sync 1 DAGs
[2025-12-22T13:46:11.480+0000] {logging_mixin.py:188} INFO - [2025-12-22T13:46:11.480+0000] {dag.py:3834} INFO - Setting next_dagrun for house_prices_pipeline to 2025-12-22 00:00:00+00:00, run_after=2025-12-23 00:00:00+00:00
[2025-12-22T13:46:11.498+0000] {processor.py:183} INFO - Processing /opt/airflow/dags/house_prices_pipeline.py took 0.795 seconds
[2025-12-22T13:46:41.612+0000] {processor.py:161} INFO - Started process (PID=16771) to work on /opt/airflow/dags/house_prices_pipeline.py
[2025-12-22T13:46:41.614+0000] {processor.py:830} INFO - Processing file /opt/airflow/dags/house_prices_pipeline.py for tasks to queue
[2025-12-22T13:46:41.615+0000] {logging_mixin.py:188} INFO - [2025-12-22T13:46:41.614+0000] {dagbag.py:540} INFO - Filling up the DagBag from /opt/airflow/dags/house_prices_pipeline.py
[2025-12-22T13:46:42.344+0000] {processor.py:840} INFO - DAG(s) 'house_prices_pipeline' retrieved from /opt/airflow/dags/house_prices_pipeline.py
[2025-12-22T13:46:42.367+0000] {logging_mixin.py:188} INFO - [2025-12-22T13:46:42.366+0000] {dag.py:3047} INFO - Sync 1 DAGs
[2025-12-22T13:46:42.387+0000] {logging_mixin.py:188} INFO - [2025-12-22T13:46:42.387+0000] {dag.py:3834} INFO - Setting next_dagrun for house_prices_pipeline to 2025-12-22 00:00:00+00:00, run_after=2025-12-23 00:00:00+00:00
[2025-12-22T13:46:42.402+0000] {processor.py:183} INFO - Processing /opt/airflow/dags/house_prices_pipeline.py took 0.793 seconds
