[2025-12-21T09:47:10.730+0000] {processor.py:161} INFO - Started process (PID=14963) to work on /opt/airflow/dags/house_prices_pipeline.py
[2025-12-21T09:47:10.732+0000] {processor.py:830} INFO - Processing file /opt/airflow/dags/house_prices_pipeline.py for tasks to queue
[2025-12-21T09:47:10.742+0000] {logging_mixin.py:188} INFO - [2025-12-21T09:47:10.742+0000] {dagbag.py:540} INFO - Filling up the DagBag from /opt/airflow/dags/house_prices_pipeline.py
[2025-12-21T09:47:13.396+0000] {processor.py:840} INFO - DAG(s) 'house_prices_pipeline' retrieved from /opt/airflow/dags/house_prices_pipeline.py
[2025-12-21T09:47:13.462+0000] {logging_mixin.py:188} INFO - [2025-12-21T09:47:13.461+0000] {dag.py:3047} INFO - Sync 1 DAGs
[2025-12-21T09:47:13.525+0000] {logging_mixin.py:188} INFO - [2025-12-21T09:47:13.524+0000] {dag.py:3834} INFO - Setting next_dagrun for house_prices_pipeline to 2025-12-21 00:00:00+00:00, run_after=2025-12-22 00:00:00+00:00
[2025-12-21T09:47:13.606+0000] {processor.py:183} INFO - Processing /opt/airflow/dags/house_prices_pipeline.py took 2.882 seconds
[2025-12-21T09:47:43.844+0000] {processor.py:161} INFO - Started process (PID=15056) to work on /opt/airflow/dags/house_prices_pipeline.py
[2025-12-21T09:47:43.845+0000] {processor.py:830} INFO - Processing file /opt/airflow/dags/house_prices_pipeline.py for tasks to queue
[2025-12-21T09:47:43.846+0000] {logging_mixin.py:188} INFO - [2025-12-21T09:47:43.846+0000] {dagbag.py:540} INFO - Filling up the DagBag from /opt/airflow/dags/house_prices_pipeline.py
[2025-12-21T09:47:44.557+0000] {processor.py:840} INFO - DAG(s) 'house_prices_pipeline' retrieved from /opt/airflow/dags/house_prices_pipeline.py
[2025-12-21T09:47:44.579+0000] {logging_mixin.py:188} INFO - [2025-12-21T09:47:44.579+0000] {dag.py:3047} INFO - Sync 1 DAGs
[2025-12-21T09:47:44.600+0000] {logging_mixin.py:188} INFO - [2025-12-21T09:47:44.600+0000] {dag.py:3834} INFO - Setting next_dagrun for house_prices_pipeline to 2025-12-21 00:00:00+00:00, run_after=2025-12-22 00:00:00+00:00
[2025-12-21T09:47:44.615+0000] {processor.py:183} INFO - Processing /opt/airflow/dags/house_prices_pipeline.py took 0.774 seconds
[2025-12-21T09:48:14.814+0000] {processor.py:161} INFO - Started process (PID=15077) to work on /opt/airflow/dags/house_prices_pipeline.py
[2025-12-21T09:48:14.815+0000] {processor.py:830} INFO - Processing file /opt/airflow/dags/house_prices_pipeline.py for tasks to queue
[2025-12-21T09:48:14.816+0000] {logging_mixin.py:188} INFO - [2025-12-21T09:48:14.816+0000] {dagbag.py:540} INFO - Filling up the DagBag from /opt/airflow/dags/house_prices_pipeline.py
[2025-12-21T09:48:15.577+0000] {processor.py:840} INFO - DAG(s) 'house_prices_pipeline' retrieved from /opt/airflow/dags/house_prices_pipeline.py
[2025-12-21T09:48:15.603+0000] {logging_mixin.py:188} INFO - [2025-12-21T09:48:15.603+0000] {dag.py:3047} INFO - Sync 1 DAGs
[2025-12-21T09:48:15.624+0000] {logging_mixin.py:188} INFO - [2025-12-21T09:48:15.624+0000] {dag.py:3834} INFO - Setting next_dagrun for house_prices_pipeline to 2025-12-21 00:00:00+00:00, run_after=2025-12-22 00:00:00+00:00
[2025-12-21T09:48:15.642+0000] {processor.py:183} INFO - Processing /opt/airflow/dags/house_prices_pipeline.py took 0.831 seconds
[2025-12-21T11:46:52.968+0000] {processor.py:161} INFO - Started process (PID=15100) to work on /opt/airflow/dags/house_prices_pipeline.py
[2025-12-21T11:46:52.972+0000] {processor.py:830} INFO - Processing file /opt/airflow/dags/house_prices_pipeline.py for tasks to queue
[2025-12-21T11:46:52.979+0000] {logging_mixin.py:188} INFO - [2025-12-21T11:46:52.978+0000] {dagbag.py:540} INFO - Filling up the DagBag from /opt/airflow/dags/house_prices_pipeline.py
[2025-12-21T12:47:42.012+0000] {processor.py:161} INFO - Started process (PID=15106) to work on /opt/airflow/dags/house_prices_pipeline.py
[2025-12-21T12:47:42.014+0000] {processor.py:830} INFO - Processing file /opt/airflow/dags/house_prices_pipeline.py for tasks to queue
[2025-12-21T12:47:42.019+0000] {logging_mixin.py:188} INFO - [2025-12-21T12:47:42.018+0000] {dagbag.py:540} INFO - Filling up the DagBag from /opt/airflow/dags/house_prices_pipeline.py
[2025-12-21T12:47:43.090+0000] {processor.py:840} INFO - DAG(s) 'house_prices_pipeline' retrieved from /opt/airflow/dags/house_prices_pipeline.py
[2025-12-21T12:47:43.114+0000] {logging_mixin.py:188} INFO - [2025-12-21T12:47:43.113+0000] {dag.py:3047} INFO - Sync 1 DAGs
[2025-12-21T12:47:43.135+0000] {logging_mixin.py:188} INFO - [2025-12-21T12:47:43.135+0000] {dag.py:3834} INFO - Setting next_dagrun for house_prices_pipeline to 2025-12-21 00:00:00+00:00, run_after=2025-12-22 00:00:00+00:00
[2025-12-21T12:47:43.153+0000] {processor.py:183} INFO - Processing /opt/airflow/dags/house_prices_pipeline.py took 1.147 seconds
[2025-12-21T12:48:13.330+0000] {processor.py:161} INFO - Started process (PID=15129) to work on /opt/airflow/dags/house_prices_pipeline.py
[2025-12-21T12:48:13.331+0000] {processor.py:830} INFO - Processing file /opt/airflow/dags/house_prices_pipeline.py for tasks to queue
[2025-12-21T12:48:13.332+0000] {logging_mixin.py:188} INFO - [2025-12-21T12:48:13.331+0000] {dagbag.py:540} INFO - Filling up the DagBag from /opt/airflow/dags/house_prices_pipeline.py
[2025-12-21T12:48:14.041+0000] {processor.py:840} INFO - DAG(s) 'house_prices_pipeline' retrieved from /opt/airflow/dags/house_prices_pipeline.py
[2025-12-21T12:48:14.065+0000] {logging_mixin.py:188} INFO - [2025-12-21T12:48:14.065+0000] {dag.py:3047} INFO - Sync 1 DAGs
[2025-12-21T12:48:14.086+0000] {logging_mixin.py:188} INFO - [2025-12-21T12:48:14.085+0000] {dag.py:3834} INFO - Setting next_dagrun for house_prices_pipeline to 2025-12-21 00:00:00+00:00, run_after=2025-12-22 00:00:00+00:00
[2025-12-21T12:48:14.103+0000] {processor.py:183} INFO - Processing /opt/airflow/dags/house_prices_pipeline.py took 0.777 seconds
