[2025-12-20T09:47:19.626+0000] {taskinstance.py:1979} INFO - Dependencies all met for dep_context=non-requeueable deps ti=<TaskInstance: house_prices_pipeline.data_quality_check scheduled__2025-12-19T00:00:00+00:00 [queued]>
[2025-12-20T09:47:19.637+0000] {taskinstance.py:1979} INFO - Dependencies all met for dep_context=requeueable deps ti=<TaskInstance: house_prices_pipeline.data_quality_check scheduled__2025-12-19T00:00:00+00:00 [queued]>
[2025-12-20T09:47:19.638+0000] {taskinstance.py:2193} INFO - Starting attempt 1 of 2
[2025-12-20T09:47:19.655+0000] {taskinstance.py:2217} INFO - Executing <Task(PythonOperator): data_quality_check> on 2025-12-19 00:00:00+00:00
[2025-12-20T09:47:19.670+0000] {standard_task_runner.py:60} INFO - Started process 14771 to run task
[2025-12-20T09:47:19.673+0000] {standard_task_runner.py:87} INFO - Running: ['***', 'tasks', 'run', 'house_prices_pipeline', 'data_quality_check', 'scheduled__2025-12-19T00:00:00+00:00', '--job-id', '24', '--raw', '--subdir', 'DAGS_FOLDER/house_prices_pipeline.py', '--cfg-path', '/tmp/tmpm2ehur3j']
[2025-12-20T09:47:19.674+0000] {standard_task_runner.py:88} INFO - Job 24: Subtask data_quality_check
[2025-12-20T09:47:19.727+0000] {task_command.py:423} INFO - Running <TaskInstance: house_prices_pipeline.data_quality_check scheduled__2025-12-19T00:00:00+00:00 [running]> on host 322b5dae5a4a
[2025-12-20T09:47:19.814+0000] {taskinstance.py:2513} INFO - Exporting env vars: AIRFLOW_CTX_DAG_OWNER='***' AIRFLOW_CTX_DAG_ID='house_prices_pipeline' AIRFLOW_CTX_TASK_ID='data_quality_check' AIRFLOW_CTX_EXECUTION_DATE='2025-12-19T00:00:00+00:00' AIRFLOW_CTX_TRY_NUMBER='1' AIRFLOW_CTX_DAG_RUN_ID='scheduled__2025-12-19T00:00:00+00:00'
[2025-12-20T09:47:19.891+0000] {base.py:83} INFO - Using connection ID 'hp_postgres' for task execution.
[2025-12-20T09:47:19.898+0000] {sql.py:542} INFO - Running statement: 
        INSERT INTO monitoring.data_quality_runs (run_id, dataset, missing_rate, row_count)
        VALUES (%s, 'train', %s, %s)
        ON CONFLICT (run_id, dataset) DO UPDATE SET
          missing_rate=EXCLUDED.missing_rate, row_count=EXCLUDED.row_count
        , parameters: ('20251220_094713', 0.058895653644512096, 1460)
[2025-12-20T09:47:19.900+0000] {sql.py:551} INFO - Rows affected: 1
[2025-12-20T09:47:19.914+0000] {sql.py:542} INFO - Running statement: 
        INSERT INTO monitoring.data_quality_runs (run_id, dataset, missing_rate, row_count)
        VALUES (%s, 'test', %s, %s)
        ON CONFLICT (run_id, dataset) DO UPDATE SET
          missing_rate=EXCLUDED.missing_rate, row_count=EXCLUDED.row_count
        , parameters: ('20251220_094713', 0.059972583961617545, 1459)
[2025-12-20T09:47:19.916+0000] {sql.py:551} INFO - Rows affected: 1
[2025-12-20T09:47:19.918+0000] {python.py:202} INFO - Done. Returned value was: None
[2025-12-20T09:47:19.930+0000] {taskinstance.py:1149} INFO - Marking task as SUCCESS. dag_id=house_prices_pipeline, task_id=data_quality_check, execution_date=20251219T000000, start_date=20251220T094719, end_date=20251220T094719
[2025-12-20T09:47:19.967+0000] {local_task_job_runner.py:234} INFO - Task exited with return code 0
[2025-12-20T09:47:19.995+0000] {taskinstance.py:3312} INFO - 1 downstream tasks scheduled from follow-on schedule check
