[2025-12-18T16:19:24.198+0000] {taskinstance.py:1979} INFO - Dependencies all met for dep_context=non-requeueable deps ti=<TaskInstance: house_prices_pipeline.load_raw_to_postgres manual__2025-12-18T16:19:22.695285+00:00 [queued]>
[2025-12-18T16:19:24.206+0000] {taskinstance.py:1979} INFO - Dependencies all met for dep_context=requeueable deps ti=<TaskInstance: house_prices_pipeline.load_raw_to_postgres manual__2025-12-18T16:19:22.695285+00:00 [queued]>
[2025-12-18T16:19:24.206+0000] {taskinstance.py:2193} INFO - Starting attempt 1 of 2
[2025-12-18T16:19:24.218+0000] {taskinstance.py:2217} INFO - Executing <Task(PythonOperator): load_raw_to_postgres> on 2025-12-18 16:19:22.695285+00:00
[2025-12-18T16:19:24.227+0000] {standard_task_runner.py:60} INFO - Started process 865 to run task
[2025-12-18T16:19:24.230+0000] {standard_task_runner.py:87} INFO - Running: ['***', 'tasks', 'run', 'house_prices_pipeline', 'load_raw_to_postgres', 'manual__2025-12-18T16:19:22.695285+00:00', '--job-id', '8', '--raw', '--subdir', 'DAGS_FOLDER/house_prices_pipeline.py', '--cfg-path', '/tmp/tmpufgblz0h']
[2025-12-18T16:19:24.233+0000] {standard_task_runner.py:88} INFO - Job 8: Subtask load_raw_to_postgres
[2025-12-18T16:19:24.285+0000] {task_command.py:423} INFO - Running <TaskInstance: house_prices_pipeline.load_raw_to_postgres manual__2025-12-18T16:19:22.695285+00:00 [running]> on host 494e5caaeae5
[2025-12-18T16:19:24.371+0000] {taskinstance.py:2513} INFO - Exporting env vars: AIRFLOW_CTX_DAG_OWNER='***' AIRFLOW_CTX_DAG_ID='house_prices_pipeline' AIRFLOW_CTX_TASK_ID='load_raw_to_postgres' AIRFLOW_CTX_EXECUTION_DATE='2025-12-18T16:19:22.695285+00:00' AIRFLOW_CTX_TRY_NUMBER='1' AIRFLOW_CTX_DAG_RUN_ID='manual__2025-12-18T16:19:22.695285+00:00'
[2025-12-18T16:19:24.389+0000] {taskinstance.py:2731} ERROR - Task failed with exception
Traceback (most recent call last):
  File "/home/airflow/.local/lib/python3.8/site-packages/airflow/models/taskinstance.py", line 444, in _execute_task
    result = _execute_callable(context=context, **execute_callable_kwargs)
  File "/home/airflow/.local/lib/python3.8/site-packages/airflow/models/taskinstance.py", line 414, in _execute_callable
    return execute_callable(context=context, **execute_callable_kwargs)
  File "/home/airflow/.local/lib/python3.8/site-packages/airflow/operators/python.py", line 200, in execute
    return_value = self.execute_callable()
  File "/home/airflow/.local/lib/python3.8/site-packages/airflow/operators/python.py", line 217, in execute_callable
    return self.python_callable(*self.op_args, **self.op_kwargs)
  File "/opt/airflow/dags/house_prices_pipeline.py", line 43, in load_raw_to_postgres
    train_df = pd.read_csv(os.path.join(DATA_DIR, "train.csv"))
  File "/home/airflow/.local/lib/python3.8/site-packages/pandas/io/parsers/readers.py", line 912, in read_csv
    return _read(filepath_or_buffer, kwds)
  File "/home/airflow/.local/lib/python3.8/site-packages/pandas/io/parsers/readers.py", line 577, in _read
    parser = TextFileReader(filepath_or_buffer, **kwds)
  File "/home/airflow/.local/lib/python3.8/site-packages/pandas/io/parsers/readers.py", line 1407, in __init__
    self._engine = self._make_engine(f, self.engine)
  File "/home/airflow/.local/lib/python3.8/site-packages/pandas/io/parsers/readers.py", line 1661, in _make_engine
    self.handles = get_handle(
  File "/home/airflow/.local/lib/python3.8/site-packages/pandas/io/common.py", line 859, in get_handle
    handle = open(
FileNotFoundError: [Errno 2] No such file or directory: 'data/train.csv'
[2025-12-18T16:19:24.404+0000] {taskinstance.py:1149} INFO - Marking task as UP_FOR_RETRY. dag_id=house_prices_pipeline, task_id=load_raw_to_postgres, execution_date=20251218T161922, start_date=20251218T161924, end_date=20251218T161924
[2025-12-18T16:19:24.416+0000] {standard_task_runner.py:107} ERROR - Failed to execute job 8 for task load_raw_to_postgres ([Errno 2] No such file or directory: 'data/train.csv'; 865)
[2025-12-18T16:19:24.454+0000] {local_task_job_runner.py:234} INFO - Task exited with return code 1
[2025-12-18T16:19:24.477+0000] {taskinstance.py:3312} INFO - 0 downstream tasks scheduled from follow-on schedule check
